[ 2014-11-29T14:12:36+08:00 ] 127.0.0.1 /
INFO: [ app_init ] --START--
INFO: Run Behavior\BuildLiteBehavior [ RunTime:0.000025s ]
INFO: [ app_init ] --END-- [ RunTime:0.000635s ]
INFO: [ app_begin ] --START--
INFO: Run Behavior\ReadHtmlCacheBehavior [ RunTime:0.000635s ]
INFO: [ app_begin ] --END-- [ RunTime:0.000722s ]
NOTIC: [8192] mysql_connect(): The mysql extension is deprecated and will be removed in the future: use mysqli or PDO instead /Users/xieshaoping/www/hamanaka3/ThinkPHP/Library/Think/Db/Driver/Mysql.class.php 第 52 行.
SQL: SHOW COLUMNS FROM `smi_config` [ RunTime:0.005200s ]
SQL: SELECT `code`,`config_value` FROM `smi_config`  [ RunTime:0.000257s ]
SQL: SHOW COLUMNS FROM `smi_about` [ RunTime:0.000745s ]
ERR: 1146:Table 'hamanaka3.smi_about' doesn't exist
 [ SQL语句 ] : SHOW COLUMNS FROM `smi_about`
SQL: SELECT * FROM `smi_about` WHERE ( `status` = 1 ) ORDER BY sort desc,id  [ RunTime:0.000552s ]
ERR: 1146:Table 'hamanaka3.smi_about' doesn't exist
 [ SQL语句 ] : SELECT * FROM `smi_about` WHERE ( `status` = 1 ) ORDER BY sort desc,id 
SQL: SHOW COLUMNS FROM `smi_news_category` [ RunTime:0.001073s ]
ERR: 1146:Table 'hamanaka3.smi_news_category' doesn't exist
 [ SQL语句 ] : SHOW COLUMNS FROM `smi_news_category`
SQL: SELECT * FROM `smi_news_category` WHERE ( `status` = 1 ) ORDER BY sort desc,id  [ RunTime:0.000110s ]
ERR: 1146:Table 'hamanaka3.smi_news_category' doesn't exist
 [ SQL语句 ] : SELECT * FROM `smi_news_category` WHERE ( `status` = 1 ) ORDER BY sort desc,id 
SQL: SHOW COLUMNS FROM `smi_product_category` [ RunTime:0.000917s ]
ERR: 1146:Table 'hamanaka3.smi_product_category' doesn't exist
 [ SQL语句 ] : SHOW COLUMNS FROM `smi_product_category`
SQL: SELECT `id`,`cate_name`,`rewriteuri`,`image`,`short_desc` FROM `smi_product_category` WHERE ( `status` = 1 ) ORDER BY sort desc,id  [ RunTime:0.000133s ]
ERR: 1146:Table 'hamanaka3.smi_product_category' doesn't exist
 [ SQL语句 ] : SELECT `id`,`cate_name`,`rewriteuri`,`image`,`short_desc` FROM `smi_product_category` WHERE ( `status` = 1 ) ORDER BY sort desc,id 
SQL: SHOW COLUMNS FROM `smi_service` [ RunTime:0.000634s ]
ERR: 1146:Table 'hamanaka3.smi_service' doesn't exist
 [ SQL语句 ] : SHOW COLUMNS FROM `smi_service`
SQL: SELECT * FROM `smi_service` WHERE ( `status` = 1 ) ORDER BY sort desc,id  [ RunTime:0.000109s ]
ERR: 1146:Table 'hamanaka3.smi_service' doesn't exist
 [ SQL语句 ] : SELECT * FROM `smi_service` WHERE ( `status` = 1 ) ORDER BY sort desc,id 
SQL: SHOW COLUMNS FROM `smi_resource` [ RunTime:0.006297s ]
ERR: 1146:Table 'hamanaka3.smi_resource' doesn't exist
 [ SQL语句 ] : SHOW COLUMNS FROM `smi_resource`
SQL: SELECT * FROM `smi_resource` WHERE ( `status` = 1 ) ORDER BY route,sort desc,id  [ RunTime:0.000100s ]
ERR: 1146:Table 'hamanaka3.smi_resource' doesn't exist
 [ SQL语句 ] : SELECT * FROM `smi_resource` WHERE ( `status` = 1 ) ORDER BY route,sort desc,id 
SQL: SHOW COLUMNS FROM `smi_quality` [ RunTime:0.005917s ]
ERR: 1146:Table 'hamanaka3.smi_quality' doesn't exist
 [ SQL语句 ] : SHOW COLUMNS FROM `smi_quality`
SQL: SELECT * FROM `smi_quality` WHERE ( `status` = 1 ) ORDER BY sort desc,id  [ RunTime:0.000101s ]
ERR: 1146:Table 'hamanaka3.smi_quality' doesn't exist
 [ SQL语句 ] : SELECT * FROM `smi_quality` WHERE ( `status` = 1 ) ORDER BY sort desc,id 
SQL: SHOW COLUMNS FROM `smi_technology` [ RunTime:0.006334s ]
ERR: 1146:Table 'hamanaka3.smi_technology' doesn't exist
 [ SQL语句 ] : SHOW COLUMNS FROM `smi_technology`
SQL: SELECT * FROM `smi_technology` WHERE ( `status` = 1 ) ORDER BY sort desc,id  [ RunTime:0.000151s ]
ERR: 1146:Table 'hamanaka3.smi_technology' doesn't exist
 [ SQL语句 ] : SELECT * FROM `smi_technology` WHERE ( `status` = 1 ) ORDER BY sort desc,id 
SQL: SHOW COLUMNS FROM `smi_info` [ RunTime:0.005519s ]
ERR: 1146:Table 'hamanaka3.smi_info' doesn't exist
 [ SQL语句 ] : SHOW COLUMNS FROM `smi_info`
SQL: SELECT * FROM `smi_info` WHERE ( `status` = 1 ) ORDER BY sort desc,id  [ RunTime:0.000120s ]
ERR: 1146:Table 'hamanaka3.smi_info' doesn't exist
 [ SQL语句 ] : SELECT * FROM `smi_info` WHERE ( `status` = 1 ) ORDER BY sort desc,id 
SQL: SHOW COLUMNS FROM `smi_product` [ RunTime:0.002946s ]
SQL: SELECT * FROM `smi_product` WHERE ( status=1 AND is_bottom=1 ) ORDER BY sort desc,id  [ RunTime:0.000113s ]
ERR: 1054:Unknown column 'status' in 'where clause'
 [ SQL语句 ] : SELECT * FROM `smi_product` WHERE ( status=1 AND is_bottom=1 ) ORDER BY sort desc,id 
SQL: SHOW COLUMNS FROM `smi_news` [ RunTime:0.000598s ]
ERR: 1146:Table 'hamanaka3.smi_news' doesn't exist
 [ SQL语句 ] : SHOW COLUMNS FROM `smi_news`
SQL: SELECT * FROM `smi_news` WHERE ( `status` = 1 ) ORDER BY publish_time desc,id LIMIT 3   [ RunTime:0.000099s ]
ERR: 1146:Table 'hamanaka3.smi_news' doesn't exist
 [ SQL语句 ] : SELECT * FROM `smi_news` WHERE ( `status` = 1 ) ORDER BY publish_time desc,id LIMIT 3  
SQL: SHOW COLUMNS FROM `smi_advert_position` [ RunTime:0.000624s ]
ERR: 1146:Table 'hamanaka3.smi_advert_position' doesn't exist
 [ SQL语句 ] : SHOW COLUMNS FROM `smi_advert_position`
SQL: SELECT * FROM `smi_advert_position` WHERE ( `id` = 1 ) LIMIT 1   [ RunTime:0.000092s ]
ERR: 1146:Table 'hamanaka3.smi_advert_position' doesn't exist
 [ SQL语句 ] : SELECT * FROM `smi_advert_position` WHERE ( `id` = 1 ) LIMIT 1  
INFO: [ view_parse ] --START--
INFO: [ template_filter ] --START--
INFO: Run Behavior\ContentReplaceBehavior [ RunTime:0.000187s ]
INFO: [ template_filter ] --END-- [ RunTime:0.000315s ]
INFO: Run Behavior\ParseTemplateBehavior [ RunTime:0.030778s ]
INFO: [ view_parse ] --END-- [ RunTime:0.030864s ]
INFO: [ view_filter ] --START--
INFO: Run Behavior\WriteHtmlCacheBehavior [ RunTime:0.000391s ]
INFO: [ view_filter ] --END-- [ RunTime:0.000454s ]
INFO: [ app_end ] --START--
INFO: Run Behavior\ShowPageTraceBehavior [ RunTime:0.000622s ]
INFO: [ app_end ] --END-- [ RunTime:0.000688s ]

