[ 2015-08-12T10:28:24+08:00 ] ::1 /hamanaka3/admin.php/Business/index
INFO: [ app_init ] --START--
INFO: Run Behavior\BuildLiteBehavior [ RunTime:0.000051s ]
INFO: [ app_init ] --END-- [ RunTime:0.002029s ]
INFO: [ app_begin ] --START--
INFO: Run Behavior\ReadHtmlCacheBehavior [ RunTime:0.001509s ]
INFO: Run Behavior\CheckLangBehavior [ RunTime:0.002161s ]
INFO: [ app_begin ] --END-- [ RunTime:0.003780s ]
INFO: [ view_parse ] --START--
INFO: [ template_filter ] --START--
INFO: Run Behavior\ContentReplaceBehavior [ RunTime:0.000046s ]
INFO: [ template_filter ] --END-- [ RunTime:0.000106s ]
INFO: Run Behavior\ParseTemplateBehavior [ RunTime:0.011133s ]
INFO: [ view_parse ] --END-- [ RunTime:0.011229s ]
INFO: [ view_filter ] --START--
INFO: Run Behavior\WriteHtmlCacheBehavior [ RunTime:0.000821s ]
INFO: [ view_filter ] --END-- [ RunTime:0.000861s ]

[ 2015-08-12T10:28:41+08:00 ] ::1 /hamanaka3/admin.php/Public/login
INFO: [ app_init ] --START--
INFO: Run Behavior\BuildLiteBehavior [ RunTime:0.000015s ]
INFO: [ app_init ] --END-- [ RunTime:0.000766s ]
INFO: [ app_begin ] --START--
INFO: Run Behavior\ReadHtmlCacheBehavior [ RunTime:0.001367s ]
INFO: Run Behavior\CheckLangBehavior [ RunTime:0.001772s ]
INFO: [ app_begin ] --END-- [ RunTime:0.003266s ]

[ 2015-08-12T10:28:41+08:00 ] ::1 /hamanaka3/admin.php/Index/index
INFO: [ app_init ] --START--
INFO: Run Behavior\BuildLiteBehavior [ RunTime:0.000013s ]
INFO: [ app_init ] --END-- [ RunTime:0.000584s ]
INFO: [ app_begin ] --START--
INFO: Run Behavior\ReadHtmlCacheBehavior [ RunTime:0.000825s ]
INFO: Run Behavior\CheckLangBehavior [ RunTime:0.001466s ]
INFO: [ app_begin ] --END-- [ RunTime:0.002382s ]
INFO: [ view_parse ] --START--
INFO: [ template_filter ] --START--
INFO: Run Behavior\ContentReplaceBehavior [ RunTime:0.000053s ]
INFO: [ template_filter ] --END-- [ RunTime:0.000123s ]
INFO: Run Behavior\ParseTemplateBehavior [ RunTime:0.011162s ]
INFO: [ view_parse ] --END-- [ RunTime:0.011248s ]
INFO: [ view_filter ] --START--
INFO: Run Behavior\WriteHtmlCacheBehavior [ RunTime:0.000745s ]
INFO: [ view_filter ] --END-- [ RunTime:0.000785s ]

[ 2015-08-12T10:28:50+08:00 ] ::1 /hamanaka3/admin.php/Index/index
INFO: [ app_init ] --START--
INFO: Run Behavior\BuildLiteBehavior [ RunTime:0.000020s ]
INFO: [ app_init ] --END-- [ RunTime:0.000690s ]
INFO: [ app_begin ] --START--
INFO: Run Behavior\ReadHtmlCacheBehavior [ RunTime:0.001025s ]
INFO: Run Behavior\CheckLangBehavior [ RunTime:0.003324s ]
INFO: [ app_begin ] --END-- [ RunTime:0.004605s ]
SQL: SHOW COLUMNS FROM `smi_node` [ RunTime:0.039073s ]
SQL: SELECT * FROM `smi_node` WHERE ( status = 1 ) ORDER BY route,sort desc,id  [ RunTime:0.005112s ]
SQL: SELECT `title_cn` FROM `smi_node` WHERE ( `name` = 'Index' ) LIMIT 1   [ RunTime:0.000541s ]
INFO: [ view_parse ] --START--
INFO: [ template_filter ] --START--
INFO: Run Behavior\ContentReplaceBehavior [ RunTime:0.000215s ]
INFO: [ template_filter ] --END-- [ RunTime:0.000327s ]
INFO: Run Behavior\ParseTemplateBehavior [ RunTime:0.042177s ]
INFO: [ view_parse ] --END-- [ RunTime:0.042385s ]
INFO: [ view_filter ] --START--
INFO: Run Behavior\WriteHtmlCacheBehavior [ RunTime:0.001733s ]
INFO: [ view_filter ] --END-- [ RunTime:0.001827s ]
INFO: [ app_end ] --START--
INFO: Run Behavior\ShowPageTraceBehavior [ RunTime:0.004642s ]
INFO: [ app_end ] --END-- [ RunTime:0.004833s ]

[ 2015-08-12T10:29:12+08:00 ] ::1 /hamanaka3/admin.php/Business/index
INFO: [ app_init ] --START--
INFO: Run Behavior\BuildLiteBehavior [ RunTime:0.000015s ]
INFO: [ app_init ] --END-- [ RunTime:0.000862s ]
INFO: [ app_begin ] --START--
INFO: Run Behavior\ReadHtmlCacheBehavior [ RunTime:0.001132s ]
INFO: Run Behavior\CheckLangBehavior [ RunTime:0.002051s ]
INFO: [ app_begin ] --END-- [ RunTime:0.003287s ]
SQL: SHOW COLUMNS FROM `smi_node` [ RunTime:0.025008s ]
SQL: SELECT * FROM `smi_node` WHERE ( status = 1 ) ORDER BY route,sort desc,id  [ RunTime:0.007966s ]
SQL: SELECT `title_cn` FROM `smi_node` WHERE ( `name` = 'Business' ) LIMIT 1   [ RunTime:0.000700s ]
SQL: SHOW COLUMNS FROM `smi_business` [ RunTime:0.016577s ]
SQL: 
            SELECT SQL_CALC_FOUND_ROWS *
            FROM smi_business
            ORDER BY id desc
            LIMIT 0 , 20
         [ RunTime:0.000881s ]
SQL: SELECT FOUND_ROWS() as count [ RunTime:0.000318s ]
SQL: SHOW COLUMNS FROM `smi_member_level` [ RunTime:0.014605s ]
SQL: SELECT * FROM `smi_member_level` ORDER BY id  [ RunTime:0.000833s ]
INFO: [ view_parse ] --START--
INFO: [ template_filter ] --START--
INFO: Run Behavior\ContentReplaceBehavior [ RunTime:0.000234s ]
INFO: [ template_filter ] --END-- [ RunTime:0.000351s ]
INFO: Run Behavior\ParseTemplateBehavior [ RunTime:0.044061s ]
INFO: [ view_parse ] --END-- [ RunTime:0.044217s ]
INFO: [ view_filter ] --START--
INFO: Run Behavior\WriteHtmlCacheBehavior [ RunTime:0.002556s ]
INFO: [ view_filter ] --END-- [ RunTime:0.002628s ]
INFO: [ app_end ] --START--
INFO: Run Behavior\ShowPageTraceBehavior [ RunTime:0.001467s ]
INFO: [ app_end ] --END-- [ RunTime:0.001534s ]

[ 2015-08-12T10:29:16+08:00 ] ::1 /hamanaka3/admin.php/Business/edit/id/4
INFO: [ app_init ] --START--
INFO: Run Behavior\BuildLiteBehavior [ RunTime:0.000013s ]
INFO: [ app_init ] --END-- [ RunTime:0.000583s ]
INFO: [ app_begin ] --START--
INFO: Run Behavior\ReadHtmlCacheBehavior [ RunTime:0.002098s ]
INFO: Run Behavior\CheckLangBehavior [ RunTime:0.002832s ]
INFO: [ app_begin ] --END-- [ RunTime:0.005494s ]
SQL: SHOW COLUMNS FROM `smi_node` [ RunTime:0.025831s ]
SQL: SELECT * FROM `smi_node` WHERE ( status = 1 ) ORDER BY route,sort desc,id  [ RunTime:0.005824s ]
SQL: SELECT `title_cn` FROM `smi_node` WHERE ( `name` = 'Business' ) LIMIT 1   [ RunTime:0.000766s ]
SQL: SHOW COLUMNS FROM `smi_business` [ RunTime:0.011243s ]
SQL: SELECT * FROM `smi_business` WHERE ( `id` = 4 ) LIMIT 1   [ RunTime:0.000745s ]
SQL: 
        		SELECT * 
				FROM smi_goods AS g, 
 					 smi_product AS p, 
					 smi_category AS c 
				WHERE p.goods_id = g.id
  				AND g.category_id = c.id
			    AND p.stock != 0
  				AND g.business_id =
         	 	4 [ RunTime:0.004742s ]
SQL: SHOW COLUMNS FROM `smi_region` [ RunTime:0.009870s ]
SQL: SELECT `id`,`region_name` FROM `smi_region`  [ RunTime:0.006778s ]
INFO: [ view_parse ] --START--
INFO: [ template_filter ] --START--
INFO: Run Behavior\ContentReplaceBehavior [ RunTime:0.000116s ]
INFO: [ template_filter ] --END-- [ RunTime:0.000175s ]
NOTIC: [8] Undefined variable: level_list D:\phpStudy\WWW\hamanaka3\Runtime\Cache\Admin\6f94740779112183985d7c6f5f537fa6.php 第 111 行.
INFO: Run Behavior\ParseTemplateBehavior [ RunTime:0.024021s ]
INFO: [ view_parse ] --END-- [ RunTime:0.024259s ]
INFO: [ view_filter ] --START--
INFO: Run Behavior\WriteHtmlCacheBehavior [ RunTime:0.001606s ]
INFO: [ view_filter ] --END-- [ RunTime:0.001685s ]
INFO: [ app_end ] --START--
INFO: Run Behavior\ShowPageTraceBehavior [ RunTime:0.001354s ]
INFO: [ app_end ] --END-- [ RunTime:0.001443s ]

[ 2015-08-12T10:30:10+08:00 ] ::1 /hamanaka3/admin.php/Goods/edit/id/7
INFO: [ app_init ] --START--
INFO: Run Behavior\BuildLiteBehavior [ RunTime:0.000013s ]
INFO: [ app_init ] --END-- [ RunTime:0.000601s ]
INFO: [ app_begin ] --START--
INFO: Run Behavior\ReadHtmlCacheBehavior [ RunTime:0.001413s ]
INFO: Run Behavior\CheckLangBehavior [ RunTime:0.003001s ]
INFO: [ app_begin ] --END-- [ RunTime:0.004735s ]
SQL: SHOW COLUMNS FROM `smi_node` [ RunTime:0.023500s ]
SQL: SELECT * FROM `smi_node` WHERE ( status = 1 ) ORDER BY route,sort desc,id  [ RunTime:0.007300s ]
SQL: SELECT `title_cn` FROM `smi_node` WHERE ( `name` = 'Goods' ) LIMIT 1   [ RunTime:0.000651s ]
SQL: SHOW COLUMNS FROM `smi_goods` [ RunTime:0.011816s ]
SQL: SELECT * FROM `smi_goods` WHERE ( `id` = 7 ) LIMIT 1   [ RunTime:0.000822s ]
SQL: SHOW COLUMNS FROM `smi_goods_description` [ RunTime:0.015353s ]
SQL: SELECT * FROM `smi_goods_description` WHERE ( `goods_id` = 7 ) LIMIT 1   [ RunTime:0.000488s ]
SQL: SHOW COLUMNS FROM `smi_goods_category` [ RunTime:0.012014s ]
SQL: SELECT GROUP_CONCAT(category_id) FROM `smi_goods_category` WHERE ( `goods_id` = 7 ) AND ( `is_primary` = 0 ) LIMIT 1   [ RunTime:0.001404s ]
SQL: SHOW COLUMNS FROM `smi_goods_image` [ RunTime:0.013087s ]
SQL: SELECT `image_id`,`origin_image`,`small_image`,`sort` FROM `smi_goods_image` WHERE ( `goods_id` = 7 ) ORDER BY sort,image_id  [ RunTime:0.000427s ]
SQL: SHOW COLUMNS FROM `smi_product` [ RunTime:0.008110s ]
SQL: SELECT * FROM `smi_product` WHERE ( `goods_id` = 7 ) ORDER BY sku_info  [ RunTime:0.000438s ]
SQL: SHOW COLUMNS FROM `smi_business` [ RunTime:0.007122s ]
SQL: SELECT `id`,`business_name` FROM `smi_business`  [ RunTime:0.000323s ]
SQL: SHOW COLUMNS FROM `smi_type_attribute` [ RunTime:0.010500s ]
SQL: SELECT a.* FROM smi_type_attribute ta LEFT JOIN smi_attribute a ON a.id = ta.attribute_id  WHERE ( ta.type_id = '3' ) ORDER BY ta.sort  [ RunTime:0.000817s ]
SQL: SHOW COLUMNS FROM `smi_goods_attribute` [ RunTime:0.006559s ]
SQL: SELECT GROUP_CONCAT(attr_val_id) FROM `smi_goods_attribute` WHERE ( `goods_id` = 7 ) LIMIT 1   [ RunTime:0.000560s ]
SQL: SHOW COLUMNS FROM `smi_category` [ RunTime:0.004857s ]
SQL: SELECT * FROM `smi_category` ORDER BY route,sort desc,id  [ RunTime:0.000281s ]
SQL: SHOW COLUMNS FROM `smi_type` [ RunTime:0.005266s ]
SQL: SELECT `id`,`type_name`,`remark` FROM `smi_type`  [ RunTime:0.000240s ]
INFO: [ view_parse ] --START--
INFO: [ template_filter ] --START--
INFO: Run Behavior\ContentReplaceBehavior [ RunTime:0.000233s ]
INFO: [ template_filter ] --END-- [ RunTime:0.000348s ]
NOTIC: [8] Undefined index: 0 D:\phpStudy\WWW\hamanaka3\Runtime\Cache\Admin\608b0c961c661bd6d45820311b4b75a7.php 第 114 行.
NOTIC: [8] Undefined index: 0 D:\phpStudy\WWW\hamanaka3\Runtime\Cache\Admin\608b0c961c661bd6d45820311b4b75a7.php 第 114 行.
NOTIC: [8] Undefined index: 0 D:\phpStudy\WWW\hamanaka3\Runtime\Cache\Admin\608b0c961c661bd6d45820311b4b75a7.php 第 114 行.
NOTIC: [8] Undefined index: 0 D:\phpStudy\WWW\hamanaka3\Runtime\Cache\Admin\608b0c961c661bd6d45820311b4b75a7.php 第 114 行.
NOTIC: [8] Undefined index: goods_id D:\phpStudy\WWW\hamanaka3\Runtime\Cache\Admin\608b0c961c661bd6d45820311b4b75a7.php 第 197 行.
INFO: Run Behavior\ParseTemplateBehavior [ RunTime:0.032051s ]
INFO: [ view_parse ] --END-- [ RunTime:0.032108s ]
INFO: [ view_filter ] --START--
INFO: Run Behavior\WriteHtmlCacheBehavior [ RunTime:0.000908s ]
INFO: [ view_filter ] --END-- [ RunTime:0.000948s ]
INFO: [ app_end ] --START--
INFO: Run Behavior\ShowPageTraceBehavior [ RunTime:0.001297s ]
INFO: [ app_end ] --END-- [ RunTime:0.001376s ]

[ 2015-08-12T20:21:50+08:00 ] ::1 /hamanaka3/admin.php
INFO: [ app_init ] --START--
INFO: Run Behavior\BuildLiteBehavior [ RunTime:0.000014s ]
INFO: [ app_init ] --END-- [ RunTime:0.000514s ]
INFO: [ app_begin ] --START--
INFO: Run Behavior\ReadHtmlCacheBehavior [ RunTime:0.001018s ]
INFO: Run Behavior\CheckLangBehavior [ RunTime:0.001815s ]
INFO: [ app_begin ] --END-- [ RunTime:0.002938s ]

[ 2015-08-12T20:21:50+08:00 ] ::1 /hamanaka3/admin.php/Public/login
INFO: [ app_init ] --START--
INFO: Run Behavior\BuildLiteBehavior [ RunTime:0.000013s ]
INFO: [ app_init ] --END-- [ RunTime:0.000540s ]
INFO: [ app_begin ] --START--
INFO: Run Behavior\ReadHtmlCacheBehavior [ RunTime:0.001038s ]
INFO: Run Behavior\CheckLangBehavior [ RunTime:0.001726s ]
INFO: [ app_begin ] --END-- [ RunTime:0.002854s ]
INFO: [ view_parse ] --START--
INFO: [ template_filter ] --START--
INFO: Run Behavior\ContentReplaceBehavior [ RunTime:0.000057s ]
INFO: [ template_filter ] --END-- [ RunTime:0.000113s ]
INFO: Run Behavior\ParseTemplateBehavior [ RunTime:0.006923s ]
INFO: [ view_parse ] --END-- [ RunTime:0.006976s ]
INFO: [ view_filter ] --START--
INFO: Run Behavior\WriteHtmlCacheBehavior [ RunTime:0.000968s ]
INFO: [ view_filter ] --END-- [ RunTime:0.001038s ]
INFO: [ app_end ] --START--
INFO: Run Behavior\ShowPageTraceBehavior [ RunTime:0.001513s ]
INFO: [ app_end ] --END-- [ RunTime:0.001601s ]

[ 2015-08-12T20:21:50+08:00 ] ::1 /hamanaka3/admin.php/Public/verify
INFO: [ app_init ] --START--
INFO: Run Behavior\BuildLiteBehavior [ RunTime:0.000016s ]
INFO: [ app_init ] --END-- [ RunTime:0.000564s ]
INFO: [ app_begin ] --START--
INFO: Run Behavior\ReadHtmlCacheBehavior [ RunTime:0.001065s ]
INFO: Run Behavior\CheckLangBehavior [ RunTime:0.001926s ]
INFO: [ app_begin ] --END-- [ RunTime:0.003100s ]
INFO: [ app_end ] --START--
INFO: Run Behavior\ShowPageTraceBehavior [ RunTime:0.001113s ]
INFO: [ app_end ] --END-- [ RunTime:0.001181s ]

[ 2015-08-12T20:22:08+08:00 ] ::1 /hamanaka3/admin.php/Public/dologin
INFO: [ app_init ] --START--
INFO: Run Behavior\BuildLiteBehavior [ RunTime:0.000025s ]
INFO: [ app_init ] --END-- [ RunTime:0.000808s ]
INFO: [ app_begin ] --START--
INFO: Run Behavior\ReadHtmlCacheBehavior [ RunTime:0.002636s ]
INFO: Run Behavior\CheckLangBehavior [ RunTime:0.004987s ]
INFO: [ app_begin ] --END-- [ RunTime:0.007918s ]
SQL: SHOW COLUMNS FROM `smi_user` [ RunTime:0.025018s ]
SQL: SELECT * FROM `smi_user` WHERE ( `account` = 'admin' ) LIMIT 1   [ RunTime:0.001687s ]

[ 2015-08-12T20:22:11+08:00 ] ::1 /hamanaka3/admin.php/Public/verify?0.013418154092505574
INFO: [ app_init ] --START--
INFO: Run Behavior\BuildLiteBehavior [ RunTime:0.000018s ]
INFO: [ app_init ] --END-- [ RunTime:0.000593s ]
INFO: [ app_begin ] --START--
INFO: Run Behavior\ReadHtmlCacheBehavior [ RunTime:0.003224s ]
INFO: Run Behavior\CheckLangBehavior [ RunTime:0.005374s ]
INFO: [ app_begin ] --END-- [ RunTime:0.009070s ]
INFO: [ app_end ] --START--
INFO: Run Behavior\ShowPageTraceBehavior [ RunTime:0.002682s ]
INFO: [ app_end ] --END-- [ RunTime:0.002833s ]

[ 2015-08-12T20:22:21+08:00 ] ::1 /hamanaka3/admin.php/Public/dologin
INFO: [ app_init ] --START--
INFO: Run Behavior\BuildLiteBehavior [ RunTime:0.000014s ]
INFO: [ app_init ] --END-- [ RunTime:0.000611s ]
INFO: [ app_begin ] --START--
INFO: Run Behavior\ReadHtmlCacheBehavior [ RunTime:0.000951s ]
INFO: Run Behavior\CheckLangBehavior [ RunTime:0.001766s ]
INFO: [ app_begin ] --END-- [ RunTime:0.002791s ]
SQL: SHOW COLUMNS FROM `smi_user` [ RunTime:0.021440s ]
SQL: SELECT * FROM `smi_user` WHERE ( `account` = 'admin' ) LIMIT 1   [ RunTime:0.001245s ]

[ 2015-08-12T20:22:22+08:00 ] ::1 /hamanaka3/admin.php/Public/verify?0.05551207275129855
INFO: [ app_init ] --START--
INFO: Run Behavior\BuildLiteBehavior [ RunTime:0.000084s ]
INFO: [ app_init ] --END-- [ RunTime:0.003102s ]
INFO: [ app_begin ] --START--
INFO: Run Behavior\ReadHtmlCacheBehavior [ RunTime:0.002234s ]
INFO: Run Behavior\CheckLangBehavior [ RunTime:0.004881s ]
INFO: [ app_begin ] --END-- [ RunTime:0.007498s ]
INFO: [ app_end ] --START--
INFO: Run Behavior\ShowPageTraceBehavior [ RunTime:0.001119s ]
INFO: [ app_end ] --END-- [ RunTime:0.001305s ]

[ 2015-08-12T20:22:36+08:00 ] ::1 /hamanaka3/admin.php/Public/dologin
INFO: [ app_init ] --START--
INFO: Run Behavior\BuildLiteBehavior [ RunTime:0.000027s ]
INFO: [ app_init ] --END-- [ RunTime:0.001564s ]
INFO: [ app_begin ] --START--
INFO: Run Behavior\ReadHtmlCacheBehavior [ RunTime:0.002428s ]
INFO: Run Behavior\CheckLangBehavior [ RunTime:0.002699s ]
INFO: [ app_begin ] --END-- [ RunTime:0.005287s ]
SQL: SHOW COLUMNS FROM `smi_user` [ RunTime:0.005352s ]
SQL: SELECT * FROM `smi_user` WHERE ( `account` = 'administrator' ) LIMIT 1   [ RunTime:0.000460s ]
SQL: UPDATE `smi_user` SET `last_login_time`=1439382155,`login_count`=login_count+1,`last_login_ip`='0.0.0.0' WHERE ( `id` = 2 ) [ RunTime:0.001239s ]

[ 2015-08-12T20:22:36+08:00 ] ::1 /hamanaka3/admin.php/Public/login
INFO: [ app_init ] --START--
INFO: Run Behavior\BuildLiteBehavior [ RunTime:0.000107s ]
INFO: [ app_init ] --END-- [ RunTime:0.001512s ]
INFO: [ app_begin ] --START--
INFO: Run Behavior\ReadHtmlCacheBehavior [ RunTime:0.001063s ]
INFO: Run Behavior\CheckLangBehavior [ RunTime:0.001778s ]
INFO: [ app_begin ] --END-- [ RunTime:0.002985s ]

[ 2015-08-12T20:22:38+08:00 ] ::1 /hamanaka3/admin.php/Index/index
INFO: [ app_init ] --START--
INFO: Run Behavior\BuildLiteBehavior [ RunTime:0.000015s ]
INFO: [ app_init ] --END-- [ RunTime:0.000604s ]
INFO: [ app_begin ] --START--
INFO: Run Behavior\ReadHtmlCacheBehavior [ RunTime:0.001385s ]
INFO: Run Behavior\CheckLangBehavior [ RunTime:0.002198s ]
INFO: [ app_begin ] --END-- [ RunTime:0.003711s ]
SQL: SHOW COLUMNS FROM `smi_node` [ RunTime:0.024284s ]
SQL: SELECT * FROM `smi_node` WHERE ( status = 1 ) ORDER BY route,sort desc,id  [ RunTime:0.003904s ]
SQL: SELECT `title_cn` FROM `smi_node` WHERE ( `name` = 'Index' ) LIMIT 1   [ RunTime:0.000854s ]
INFO: [ view_parse ] --START--
INFO: [ template_filter ] --START--
INFO: Run Behavior\ContentReplaceBehavior [ RunTime:0.000124s ]
INFO: [ template_filter ] --END-- [ RunTime:0.000191s ]
INFO: Run Behavior\ParseTemplateBehavior [ RunTime:0.033166s ]
INFO: [ view_parse ] --END-- [ RunTime:0.033748s ]
INFO: [ view_filter ] --START--
INFO: Run Behavior\WriteHtmlCacheBehavior [ RunTime:0.002410s ]
INFO: [ view_filter ] --END-- [ RunTime:0.002538s ]
INFO: [ app_end ] --START--
INFO: Run Behavior\ShowPageTraceBehavior [ RunTime:0.002037s ]
INFO: [ app_end ] --END-- [ RunTime:0.002121s ]

[ 2015-08-12T20:23:02+08:00 ] ::1 /hamanaka3/admin.php/User/add
INFO: [ app_init ] --START--
INFO: Run Behavior\BuildLiteBehavior [ RunTime:0.000015s ]
INFO: [ app_init ] --END-- [ RunTime:0.000849s ]
INFO: [ app_begin ] --START--
INFO: Run Behavior\ReadHtmlCacheBehavior [ RunTime:0.001150s ]
INFO: Run Behavior\CheckLangBehavior [ RunTime:0.001812s ]
INFO: [ app_begin ] --END-- [ RunTime:0.003093s ]
SQL: SHOW COLUMNS FROM `smi_node` [ RunTime:0.008884s ]
SQL: SELECT * FROM `smi_node` WHERE ( status = 1 ) ORDER BY route,sort desc,id  [ RunTime:0.002061s ]
SQL: SELECT `title_cn` FROM `smi_node` WHERE ( `name` = 'User' ) LIMIT 1   [ RunTime:0.000337s ]
SQL: SHOW COLUMNS FROM `smi_role` [ RunTime:0.008121s ]
SQL: SELECT * FROM `smi_role` ORDER BY route,sort desc,id  [ RunTime:0.000424s ]
INFO: [ view_parse ] --START--
INFO: [ template_filter ] --START--
INFO: Run Behavior\ContentReplaceBehavior [ RunTime:0.000289s ]
INFO: [ template_filter ] --END-- [ RunTime:0.000596s ]
INFO: Run Behavior\ParseTemplateBehavior [ RunTime:0.031415s ]
INFO: [ view_parse ] --END-- [ RunTime:0.031505s ]
INFO: [ view_filter ] --START--
INFO: Run Behavior\WriteHtmlCacheBehavior [ RunTime:0.001560s ]
INFO: [ view_filter ] --END-- [ RunTime:0.001645s ]
INFO: [ app_end ] --START--
INFO: Run Behavior\ShowPageTraceBehavior [ RunTime:0.002343s ]
INFO: [ app_end ] --END-- [ RunTime:0.002455s ]

[ 2015-08-12T20:34:29+08:00 ] ::1 /hamanaka3/admin.php
INFO: [ app_init ] --START--
INFO: Run Behavior\BuildLiteBehavior [ RunTime:0.000014s ]
INFO: [ app_init ] --END-- [ RunTime:0.000536s ]
INFO: [ app_begin ] --START--
INFO: Run Behavior\ReadHtmlCacheBehavior [ RunTime:0.003095s ]
INFO: Run Behavior\CheckLangBehavior [ RunTime:0.002711s ]
INFO: [ app_begin ] --END-- [ RunTime:0.005991s ]
SQL: SHOW COLUMNS FROM `smi_node` [ RunTime:0.030247s ]
SQL: SELECT * FROM `smi_node` WHERE ( status = 1 ) ORDER BY route,sort desc,id  [ RunTime:0.004206s ]
SQL: SELECT `title_cn` FROM `smi_node` WHERE ( `name` = 'Index' ) LIMIT 1   [ RunTime:0.000727s ]
INFO: [ view_parse ] --START--
INFO: [ template_filter ] --START--
INFO: Run Behavior\ContentReplaceBehavior [ RunTime:0.000145s ]
INFO: [ template_filter ] --END-- [ RunTime:0.000230s ]
INFO: Run Behavior\ParseTemplateBehavior [ RunTime:0.069123s ]
INFO: [ view_parse ] --END-- [ RunTime:0.069431s ]
INFO: [ view_filter ] --START--
INFO: Run Behavior\WriteHtmlCacheBehavior [ RunTime:0.003335s ]
INFO: [ view_filter ] --END-- [ RunTime:0.003424s ]
INFO: [ app_end ] --START--
INFO: Run Behavior\ShowPageTraceBehavior [ RunTime:0.016188s ]
INFO: [ app_end ] --END-- [ RunTime:0.037019s ]

[ 2015-08-12T20:35:06+08:00 ] ::1 /hamanaka3/admin.php/MemberLevel/add
INFO: [ app_init ] --START--
INFO: Run Behavior\BuildLiteBehavior [ RunTime:0.000068s ]
INFO: [ app_init ] --END-- [ RunTime:0.002344s ]
INFO: [ app_begin ] --START--
INFO: Run Behavior\ReadHtmlCacheBehavior [ RunTime:0.001033s ]
INFO: Run Behavior\CheckLangBehavior [ RunTime:0.001706s ]
INFO: [ app_begin ] --END-- [ RunTime:0.002833s ]
SQL: SHOW COLUMNS FROM `smi_node` [ RunTime:0.011745s ]
SQL: SELECT * FROM `smi_node` WHERE ( status = 1 ) ORDER BY route,sort desc,id  [ RunTime:0.001974s ]
SQL: SELECT `title_cn` FROM `smi_node` WHERE ( `name` = 'MemberLevel' ) LIMIT 1   [ RunTime:0.000772s ]
INFO: [ view_parse ] --START--
INFO: [ template_filter ] --START--
INFO: Run Behavior\ContentReplaceBehavior [ RunTime:0.000143s ]
INFO: [ template_filter ] --END-- [ RunTime:0.000237s ]
INFO: Run Behavior\ParseTemplateBehavior [ RunTime:0.026213s ]
INFO: [ view_parse ] --END-- [ RunTime:0.026377s ]
INFO: [ view_filter ] --START--
INFO: Run Behavior\WriteHtmlCacheBehavior [ RunTime:0.001995s ]
INFO: [ view_filter ] --END-- [ RunTime:0.002077s ]
INFO: [ app_end ] --START--
INFO: Run Behavior\ShowPageTraceBehavior [ RunTime:0.003590s ]
INFO: [ app_end ] --END-- [ RunTime:0.003679s ]

[ 2015-08-12T20:35:31+08:00 ] ::1 /hamanaka3/admin.php/Member/index
INFO: [ app_init ] --START--
INFO: Run Behavior\BuildLiteBehavior [ RunTime:0.000013s ]
INFO: [ app_init ] --END-- [ RunTime:0.000500s ]
INFO: [ app_begin ] --START--
INFO: Run Behavior\ReadHtmlCacheBehavior [ RunTime:0.001106s ]
INFO: Run Behavior\CheckLangBehavior [ RunTime:0.003837s ]
INFO: [ app_begin ] --END-- [ RunTime:0.005044s ]
SQL: SHOW COLUMNS FROM `smi_node` [ RunTime:0.005495s ]
SQL: SELECT * FROM `smi_node` WHERE ( status = 1 ) ORDER BY route,sort desc,id  [ RunTime:0.001332s ]
SQL: SELECT `title_cn` FROM `smi_node` WHERE ( `name` = 'Member' ) LIMIT 1   [ RunTime:0.000371s ]
SQL: SHOW COLUMNS FROM `smi_member` [ RunTime:0.010923s ]
SQL: 
            SELECT SQL_CALC_FOUND_ROWS m.id, m.account, m.username, m.status, ml.member_level, mi.register_time
            FROM smi_member m, smi_member_level ml, smi_member_info mi
            WHERE m.level_id = ml.id AND m.id = mi.member_id
            ORDER BY m.id desc
            LIMIT 0 , 20
         [ RunTime:0.001791s ]
SQL: SELECT FOUND_ROWS() as count [ RunTime:0.000165s ]
SQL: SHOW COLUMNS FROM `smi_member_level` [ RunTime:0.008014s ]
SQL: SELECT * FROM `smi_member_level` ORDER BY id  [ RunTime:0.000273s ]
INFO: [ view_parse ] --START--
INFO: [ template_filter ] --START--
INFO: Run Behavior\ContentReplaceBehavior [ RunTime:0.000239s ]
INFO: [ template_filter ] --END-- [ RunTime:0.000434s ]
INFO: Run Behavior\ParseTemplateBehavior [ RunTime:0.021210s ]
INFO: [ view_parse ] --END-- [ RunTime:0.021272s ]
INFO: [ view_filter ] --START--
INFO: Run Behavior\WriteHtmlCacheBehavior [ RunTime:0.000991s ]
INFO: [ view_filter ] --END-- [ RunTime:0.001036s ]
INFO: [ app_end ] --START--
INFO: Run Behavior\ShowPageTraceBehavior [ RunTime:0.001592s ]
INFO: [ app_end ] --END-- [ RunTime:0.001681s ]

[ 2015-08-12T20:35:36+08:00 ] ::1 /hamanaka3/admin.php/Member/index
INFO: [ app_init ] --START--
INFO: Run Behavior\BuildLiteBehavior [ RunTime:0.000049s ]
INFO: [ app_init ] --END-- [ RunTime:0.002069s ]
INFO: [ app_begin ] --START--
INFO: Run Behavior\ReadHtmlCacheBehavior [ RunTime:0.001235s ]
INFO: Run Behavior\CheckLangBehavior [ RunTime:0.001825s ]
INFO: [ app_begin ] --END-- [ RunTime:0.003191s ]
SQL: SHOW COLUMNS FROM `smi_node` [ RunTime:0.008376s ]
SQL: SELECT * FROM `smi_node` WHERE ( status = 1 ) ORDER BY route,sort desc,id  [ RunTime:0.001357s ]
SQL: SELECT `title_cn` FROM `smi_node` WHERE ( `name` = 'Member' ) LIMIT 1   [ RunTime:0.000294s ]
SQL: SHOW COLUMNS FROM `smi_member` [ RunTime:0.007008s ]
SQL: 
            SELECT SQL_CALC_FOUND_ROWS m.id, m.account, m.username, m.status, ml.member_level, mi.register_time
            FROM smi_member m, smi_member_level ml, smi_member_info mi
            WHERE m.level_id = ml.id AND m.id = mi.member_id
            ORDER BY m.id desc
            LIMIT 0 , 20
         [ RunTime:0.000366s ]
SQL: SELECT FOUND_ROWS() as count [ RunTime:0.000144s ]
SQL: SHOW COLUMNS FROM `smi_member_level` [ RunTime:0.006529s ]
SQL: SELECT * FROM `smi_member_level` ORDER BY id  [ RunTime:0.000267s ]
INFO: [ view_parse ] --START--
INFO: [ template_filter ] --START--
INFO: Run Behavior\ContentReplaceBehavior [ RunTime:0.000174s ]
INFO: [ template_filter ] --END-- [ RunTime:0.000273s ]
INFO: Run Behavior\ParseTemplateBehavior [ RunTime:0.027520s ]
INFO: [ view_parse ] --END-- [ RunTime:0.027599s ]
INFO: [ view_filter ] --START--
INFO: Run Behavior\WriteHtmlCacheBehavior [ RunTime:0.001739s ]
INFO: [ view_filter ] --END-- [ RunTime:0.001809s ]
INFO: [ app_end ] --START--
INFO: Run Behavior\ShowPageTraceBehavior [ RunTime:0.004170s ]
INFO: [ app_end ] --END-- [ RunTime:0.004266s ]

[ 2015-08-12T20:35:45+08:00 ] ::1 /hamanaka3/admin.php/Member/index?level_id=1&kw=
INFO: [ app_init ] --START--
INFO: Run Behavior\BuildLiteBehavior [ RunTime:0.000027s ]
INFO: [ app_init ] --END-- [ RunTime:0.000744s ]
INFO: [ app_begin ] --START--
INFO: Run Behavior\ReadHtmlCacheBehavior [ RunTime:0.001242s ]
INFO: Run Behavior\CheckLangBehavior [ RunTime:0.002139s ]
INFO: [ app_begin ] --END-- [ RunTime:0.003531s ]
SQL: SHOW COLUMNS FROM `smi_node` [ RunTime:0.008896s ]
SQL: SELECT * FROM `smi_node` WHERE ( status = 1 ) ORDER BY route,sort desc,id  [ RunTime:0.002009s ]
SQL: SELECT `title_cn` FROM `smi_node` WHERE ( `name` = 'Member' ) LIMIT 1   [ RunTime:0.000596s ]
SQL: SHOW COLUMNS FROM `smi_member` [ RunTime:0.010528s ]
SQL: 
            SELECT SQL_CALC_FOUND_ROWS m.id, m.account, m.username, m.status, ml.member_level, mi.register_time
            FROM smi_member m, smi_member_level ml, smi_member_info mi
            WHERE m.level_id = ml.id AND m.id = mi.member_id AND m.level_id = 1
            ORDER BY m.id desc
            LIMIT 0 , 20
         [ RunTime:0.000553s ]
SQL: SELECT FOUND_ROWS() as count [ RunTime:0.000207s ]
SQL: SHOW COLUMNS FROM `smi_member_level` [ RunTime:0.007195s ]
SQL: SELECT * FROM `smi_member_level` ORDER BY id  [ RunTime:0.000420s ]
INFO: [ view_parse ] --START--
INFO: [ template_filter ] --START--
INFO: Run Behavior\ContentReplaceBehavior [ RunTime:0.000157s ]
INFO: [ template_filter ] --END-- [ RunTime:0.000240s ]
INFO: Run Behavior\ParseTemplateBehavior [ RunTime:0.029776s ]
INFO: [ view_parse ] --END-- [ RunTime:0.029870s ]
INFO: [ view_filter ] --START--
INFO: Run Behavior\WriteHtmlCacheBehavior [ RunTime:0.001372s ]
INFO: [ view_filter ] --END-- [ RunTime:0.001477s ]
INFO: [ app_end ] --START--
INFO: Run Behavior\ShowPageTraceBehavior [ RunTime:0.001930s ]
INFO: [ app_end ] --END-- [ RunTime:0.002047s ]

[ 2015-08-12T20:35:48+08:00 ] ::1 /hamanaka3/admin.php/Member/add
INFO: [ app_init ] --START--
INFO: Run Behavior\BuildLiteBehavior [ RunTime:0.000014s ]
INFO: [ app_init ] --END-- [ RunTime:0.000554s ]
INFO: [ app_begin ] --START--
INFO: Run Behavior\ReadHtmlCacheBehavior [ RunTime:0.001011s ]
INFO: Run Behavior\CheckLangBehavior [ RunTime:0.003424s ]
INFO: [ app_begin ] --END-- [ RunTime:0.004567s ]
SQL: SHOW COLUMNS FROM `smi_node` [ RunTime:0.022212s ]
SQL: SELECT * FROM `smi_node` WHERE ( status = 1 ) ORDER BY route,sort desc,id  [ RunTime:0.005733s ]
SQL: SELECT `title_cn` FROM `smi_node` WHERE ( `name` = 'Member' ) LIMIT 1   [ RunTime:0.001116s ]
SQL: SHOW COLUMNS FROM `smi_member_level` [ RunTime:0.011679s ]
SQL: SELECT * FROM `smi_member_level` ORDER BY id  [ RunTime:0.000435s ]
INFO: [ view_parse ] --START--
INFO: [ template_filter ] --START--
INFO: Run Behavior\ContentReplaceBehavior [ RunTime:0.000122s ]
INFO: [ template_filter ] --END-- [ RunTime:0.000192s ]
INFO: Run Behavior\ParseTemplateBehavior [ RunTime:0.031304s ]
INFO: [ view_parse ] --END-- [ RunTime:0.031396s ]
INFO: [ view_filter ] --START--
INFO: Run Behavior\WriteHtmlCacheBehavior [ RunTime:0.001144s ]
INFO: [ view_filter ] --END-- [ RunTime:0.001198s ]
INFO: [ app_end ] --START--
INFO: Run Behavior\ShowPageTraceBehavior [ RunTime:0.001714s ]
INFO: [ app_end ] --END-- [ RunTime:0.001786s ]

[ 2015-08-12T20:36:09+08:00 ] ::1 /hamanaka3/admin.php/Member/insert
INFO: [ app_init ] --START--
INFO: Run Behavior\BuildLiteBehavior [ RunTime:0.000022s ]
INFO: [ app_init ] --END-- [ RunTime:0.000802s ]
INFO: [ app_begin ] --START--
INFO: Run Behavior\ReadHtmlCacheBehavior [ RunTime:0.001340s ]
INFO: Run Behavior\CheckLangBehavior [ RunTime:0.007650s ]
INFO: [ app_begin ] --END-- [ RunTime:0.009149s ]
SQL: SHOW COLUMNS FROM `smi_node` [ RunTime:0.006873s ]
SQL: SELECT * FROM `smi_node` WHERE ( status = 1 ) ORDER BY route,sort desc,id  [ RunTime:0.001589s ]
SQL: SELECT `title_cn` FROM `smi_node` WHERE ( `name` = 'Member' ) LIMIT 1   [ RunTime:0.000253s ]
SQL: SHOW COLUMNS FROM `smi_member` [ RunTime:0.007063s ]
SQL: SELECT * FROM `smi_member` WHERE ( `account` = '978704743@qq.com' ) LIMIT 1   [ RunTime:0.000931s ]
SQL: INSERT INTO `smi_member` (`status`,`level_id`,`account`,`pwd`,`username`) VALUES (1,0,'978704743@qq.com','$1$5A3.ok0.$TkBt2kwVbyHWCMGYWiyPm1','') [ RunTime:0.001230s ]
SQL: SHOW COLUMNS FROM `smi_member_info` [ RunTime:0.005375s ]
SQL: INSERT INTO `smi_member_info` (`remark`,`member_id`,`register_time`,`register_ip`,`active_time`) VALUES ('',1,1439382968,'0.0.0.0',1439382968) [ RunTime:0.003697s ]

[ 2015-08-12T20:36:10+08:00 ] ::1 /hamanaka3/admin.php/Member/index
INFO: [ app_init ] --START--
INFO: Run Behavior\BuildLiteBehavior [ RunTime:0.000016s ]
INFO: [ app_init ] --END-- [ RunTime:0.000538s ]
INFO: [ app_begin ] --START--
INFO: Run Behavior\ReadHtmlCacheBehavior [ RunTime:0.001000s ]
INFO: Run Behavior\CheckLangBehavior [ RunTime:0.001835s ]
INFO: [ app_begin ] --END-- [ RunTime:0.002930s ]
SQL: SHOW COLUMNS FROM `smi_node` [ RunTime:0.008911s ]
SQL: SELECT * FROM `smi_node` WHERE ( status = 1 ) ORDER BY route,sort desc,id  [ RunTime:0.001833s ]
SQL: SELECT `title_cn` FROM `smi_node` WHERE ( `name` = 'Member' ) LIMIT 1   [ RunTime:0.000304s ]
SQL: SHOW COLUMNS FROM `smi_member` [ RunTime:0.007059s ]
SQL: 
            SELECT SQL_CALC_FOUND_ROWS m.id, m.account, m.username, m.status, ml.member_level, mi.register_time
            FROM smi_member m, smi_member_level ml, smi_member_info mi
            WHERE m.level_id = ml.id AND m.id = mi.member_id
            ORDER BY m.id desc
            LIMIT 0 , 20
         [ RunTime:0.000478s ]
SQL: SELECT FOUND_ROWS() as count [ RunTime:0.000224s ]
SQL: SHOW COLUMNS FROM `smi_member_level` [ RunTime:0.009010s ]
SQL: SELECT * FROM `smi_member_level` ORDER BY id  [ RunTime:0.000351s ]
INFO: [ view_parse ] --START--
INFO: [ template_filter ] --START--
INFO: Run Behavior\ContentReplaceBehavior [ RunTime:0.000180s ]
INFO: [ template_filter ] --END-- [ RunTime:0.000285s ]
INFO: Run Behavior\ParseTemplateBehavior [ RunTime:0.030600s ]
INFO: [ view_parse ] --END-- [ RunTime:0.030677s ]
INFO: [ view_filter ] --START--
INFO: Run Behavior\WriteHtmlCacheBehavior [ RunTime:0.003815s ]
INFO: [ view_filter ] --END-- [ RunTime:0.004018s ]
INFO: [ app_end ] --START--
INFO: Run Behavior\ShowPageTraceBehavior [ RunTime:0.003406s ]
INFO: [ app_end ] --END-- [ RunTime:0.003747s ]

[ 2015-08-12T20:36:32+08:00 ] ::1 /hamanaka3/admin.php/Member/insert
INFO: [ app_init ] --START--
INFO: Run Behavior\BuildLiteBehavior [ RunTime:0.000085s ]
INFO: [ app_init ] --END-- [ RunTime:0.004131s ]
INFO: [ app_begin ] --START--
INFO: Run Behavior\ReadHtmlCacheBehavior [ RunTime:0.001089s ]
INFO: Run Behavior\CheckLangBehavior [ RunTime:0.001814s ]
INFO: [ app_begin ] --END-- [ RunTime:0.003004s ]
SQL: SHOW COLUMNS FROM `smi_node` [ RunTime:0.011771s ]
SQL: SELECT * FROM `smi_node` WHERE ( status = 1 ) ORDER BY route,sort desc,id  [ RunTime:0.002056s ]
SQL: SELECT `title_cn` FROM `smi_node` WHERE ( `name` = 'Member' ) LIMIT 1   [ RunTime:0.000314s ]
SQL: SHOW COLUMNS FROM `smi_member` [ RunTime:0.009093s ]
SQL: SELECT * FROM `smi_member` WHERE ( `account` = '978704743@qq.com' ) LIMIT 1   [ RunTime:0.000434s ]
INFO: [ view_parse ] --START--
INFO: [ template_filter ] --START--
INFO: Run Behavior\ContentReplaceBehavior [ RunTime:0.000046s ]
INFO: [ template_filter ] --END-- [ RunTime:0.000101s ]
INFO: Run Behavior\ParseTemplateBehavior [ RunTime:0.008937s ]
INFO: [ view_parse ] --END-- [ RunTime:0.009044s ]
INFO: [ view_filter ] --START--
INFO: Run Behavior\WriteHtmlCacheBehavior [ RunTime:0.001474s ]
INFO: [ view_filter ] --END-- [ RunTime:0.001558s ]

[ 2015-08-12T20:36:59+08:00 ] ::1 /hamanaka3/admin.php/Member/insert
INFO: [ app_init ] --START--
INFO: Run Behavior\BuildLiteBehavior [ RunTime:0.000012s ]
INFO: [ app_init ] --END-- [ RunTime:0.000544s ]
INFO: [ app_begin ] --START--
INFO: Run Behavior\ReadHtmlCacheBehavior [ RunTime:0.002829s ]
INFO: Run Behavior\CheckLangBehavior [ RunTime:0.001976s ]
INFO: [ app_begin ] --END-- [ RunTime:0.005023s ]
SQL: SHOW COLUMNS FROM `smi_node` [ RunTime:0.007793s ]
SQL: SELECT * FROM `smi_node` WHERE ( status = 1 ) ORDER BY route,sort desc,id  [ RunTime:0.002801s ]
SQL: SELECT `title_cn` FROM `smi_node` WHERE ( `name` = 'Member' ) LIMIT 1   [ RunTime:0.000524s ]
SQL: SHOW COLUMNS FROM `smi_member` [ RunTime:0.008897s ]
SQL: SELECT * FROM `smi_member` WHERE ( `account` = '123456@qq.com' ) LIMIT 1   [ RunTime:0.000404s ]
SQL: INSERT INTO `smi_member` (`status`,`level_id`,`account`,`pwd`,`username`) VALUES (1,0,'123456@qq.com','$1$ty5.yz4.$BHYm9laO.ZNSViE0v7qnU/','linagwenhua') [ RunTime:0.001627s ]
SQL: SHOW COLUMNS FROM `smi_member_info` [ RunTime:0.007504s ]
SQL: INSERT INTO `smi_member_info` (`remark`,`member_id`,`register_time`,`register_ip`,`active_time`) VALUES ('dsfghj',2,1439383018,'0.0.0.0',1439383018) [ RunTime:0.000608s ]
ERR: 1062:Duplicate entry '2' for key 'PRIMARY'
 [ SQL语句 ] : INSERT INTO `smi_member_info` (`remark`,`member_id`,`register_time`,`register_ip`,`active_time`) VALUES ('dsfghj',2,1439383018,'0.0.0.0',1439383018)

[ 2015-08-12T20:37:01+08:00 ] ::1 /hamanaka3/admin.php/Member/index
INFO: [ app_init ] --START--
INFO: Run Behavior\BuildLiteBehavior [ RunTime:0.000029s ]
INFO: [ app_init ] --END-- [ RunTime:0.009079s ]
INFO: [ app_begin ] --START--
INFO: Run Behavior\ReadHtmlCacheBehavior [ RunTime:0.002005s ]
INFO: Run Behavior\CheckLangBehavior [ RunTime:0.003186s ]
INFO: [ app_begin ] --END-- [ RunTime:0.005481s ]
SQL: SHOW COLUMNS FROM `smi_node` [ RunTime:0.008084s ]
SQL: SELECT * FROM `smi_node` WHERE ( status = 1 ) ORDER BY route,sort desc,id  [ RunTime:0.002123s ]
SQL: SELECT `title_cn` FROM `smi_node` WHERE ( `name` = 'Member' ) LIMIT 1   [ RunTime:0.000488s ]
SQL: SHOW COLUMNS FROM `smi_member` [ RunTime:0.011158s ]
SQL: 
            SELECT SQL_CALC_FOUND_ROWS m.id, m.account, m.username, m.status, ml.member_level, mi.register_time
            FROM smi_member m, smi_member_level ml, smi_member_info mi
            WHERE m.level_id = ml.id AND m.id = mi.member_id
            ORDER BY m.id desc
            LIMIT 0 , 20
         [ RunTime:0.000746s ]
SQL: SELECT FOUND_ROWS() as count [ RunTime:0.000196s ]
SQL: SHOW COLUMNS FROM `smi_member_level` [ RunTime:0.007089s ]
SQL: SELECT * FROM `smi_member_level` ORDER BY id  [ RunTime:0.001401s ]
INFO: [ view_parse ] --START--
INFO: [ template_filter ] --START--
INFO: Run Behavior\ContentReplaceBehavior [ RunTime:0.000159s ]
INFO: [ template_filter ] --END-- [ RunTime:0.000255s ]
INFO: Run Behavior\ParseTemplateBehavior [ RunTime:0.031455s ]
INFO: [ view_parse ] --END-- [ RunTime:0.031694s ]
INFO: [ view_filter ] --START--
INFO: Run Behavior\WriteHtmlCacheBehavior [ RunTime:0.001827s ]
INFO: [ view_filter ] --END-- [ RunTime:0.001934s ]
INFO: [ app_end ] --START--
INFO: Run Behavior\ShowPageTraceBehavior [ RunTime:0.036626s ]
INFO: [ app_end ] --END-- [ RunTime:0.036934s ]

[ 2015-08-12T20:37:06+08:00 ] ::1 /hamanaka3/admin.php/Member/index
INFO: [ app_init ] --START--
INFO: Run Behavior\BuildLiteBehavior [ RunTime:0.000013s ]
INFO: [ app_init ] --END-- [ RunTime:0.000572s ]
INFO: [ app_begin ] --START--
INFO: Run Behavior\ReadHtmlCacheBehavior [ RunTime:0.001471s ]
INFO: Run Behavior\CheckLangBehavior [ RunTime:0.003439s ]
INFO: [ app_begin ] --END-- [ RunTime:0.005082s ]
SQL: SHOW COLUMNS FROM `smi_node` [ RunTime:0.005503s ]
SQL: SELECT * FROM `smi_node` WHERE ( status = 1 ) ORDER BY route,sort desc,id  [ RunTime:0.001571s ]
SQL: SELECT `title_cn` FROM `smi_node` WHERE ( `name` = 'Member' ) LIMIT 1   [ RunTime:0.002725s ]
SQL: SHOW COLUMNS FROM `smi_member` [ RunTime:0.007448s ]
SQL: 
            SELECT SQL_CALC_FOUND_ROWS m.id, m.account, m.username, m.status, ml.member_level, mi.register_time
            FROM smi_member m, smi_member_level ml, smi_member_info mi
            WHERE m.level_id = ml.id AND m.id = mi.member_id
            ORDER BY m.id desc
            LIMIT 0 , 20
         [ RunTime:0.002222s ]
SQL: SELECT FOUND_ROWS() as count [ RunTime:0.000181s ]
SQL: SHOW COLUMNS FROM `smi_member_level` [ RunTime:0.006266s ]
SQL: SELECT * FROM `smi_member_level` ORDER BY id  [ RunTime:0.000251s ]
INFO: [ view_parse ] --START--
INFO: [ template_filter ] --START--
INFO: Run Behavior\ContentReplaceBehavior [ RunTime:0.000107s ]
INFO: [ template_filter ] --END-- [ RunTime:0.000165s ]
INFO: Run Behavior\ParseTemplateBehavior [ RunTime:0.022298s ]
INFO: [ view_parse ] --END-- [ RunTime:0.022364s ]
INFO: [ view_filter ] --START--
INFO: Run Behavior\WriteHtmlCacheBehavior [ RunTime:0.000897s ]
INFO: [ view_filter ] --END-- [ RunTime:0.000938s ]
INFO: [ app_end ] --START--
INFO: Run Behavior\ShowPageTraceBehavior [ RunTime:0.003114s ]
INFO: [ app_end ] --END-- [ RunTime:0.003299s ]

[ 2015-08-12T20:37:12+08:00 ] ::1 /hamanaka3/admin.php/Member/index
INFO: [ app_init ] --START--
INFO: Run Behavior\BuildLiteBehavior [ RunTime:0.000026s ]
INFO: [ app_init ] --END-- [ RunTime:0.000780s ]
INFO: [ app_begin ] --START--
INFO: Run Behavior\ReadHtmlCacheBehavior [ RunTime:0.003323s ]
INFO: Run Behavior\CheckLangBehavior [ RunTime:0.003329s ]
INFO: [ app_begin ] --END-- [ RunTime:0.006841s ]
SQL: SHOW COLUMNS FROM `smi_node` [ RunTime:0.007919s ]
SQL: SELECT * FROM `smi_node` WHERE ( status = 1 ) ORDER BY route,sort desc,id  [ RunTime:0.002103s ]
SQL: SELECT `title_cn` FROM `smi_node` WHERE ( `name` = 'Member' ) LIMIT 1   [ RunTime:0.000417s ]
SQL: SHOW COLUMNS FROM `smi_member` [ RunTime:0.007226s ]
SQL: 
            SELECT SQL_CALC_FOUND_ROWS m.id, m.account, m.username, m.status, ml.member_level, mi.register_time
            FROM smi_member m, smi_member_level ml, smi_member_info mi
            WHERE m.level_id = ml.id AND m.id = mi.member_id
            ORDER BY m.id desc
            LIMIT 0 , 20
         [ RunTime:0.000717s ]
SQL: SELECT FOUND_ROWS() as count [ RunTime:0.000179s ]
SQL: SHOW COLUMNS FROM `smi_member_level` [ RunTime:0.007073s ]
SQL: SELECT * FROM `smi_member_level` ORDER BY id  [ RunTime:0.000390s ]
INFO: [ view_parse ] --START--
INFO: [ template_filter ] --START--
INFO: Run Behavior\ContentReplaceBehavior [ RunTime:0.000339s ]
INFO: [ template_filter ] --END-- [ RunTime:0.000680s ]
INFO: Run Behavior\ParseTemplateBehavior [ RunTime:0.033718s ]
INFO: [ view_parse ] --END-- [ RunTime:0.033811s ]
INFO: [ view_filter ] --START--
INFO: Run Behavior\WriteHtmlCacheBehavior [ RunTime:0.001322s ]
INFO: [ view_filter ] --END-- [ RunTime:0.001442s ]
INFO: [ app_end ] --START--
INFO: Run Behavior\ShowPageTraceBehavior [ RunTime:0.003857s ]
INFO: [ app_end ] --END-- [ RunTime:0.003996s ]

[ 2015-08-12T20:37:59+08:00 ] ::1 /hamanaka3/admin.php/Member/index
INFO: [ app_init ] --START--
INFO: Run Behavior\BuildLiteBehavior [ RunTime:0.000027s ]
INFO: [ app_init ] --END-- [ RunTime:0.001471s ]
INFO: [ app_begin ] --START--
INFO: Run Behavior\ReadHtmlCacheBehavior [ RunTime:0.002626s ]
INFO: Run Behavior\CheckLangBehavior [ RunTime:0.004080s ]
INFO: [ app_begin ] --END-- [ RunTime:0.007122s ]
SQL: SHOW COLUMNS FROM `smi_node` [ RunTime:0.025555s ]
SQL: SELECT * FROM `smi_node` WHERE ( status = 1 ) ORDER BY route,sort desc,id  [ RunTime:0.008075s ]
SQL: SELECT `title_cn` FROM `smi_node` WHERE ( `name` = 'Member' ) LIMIT 1   [ RunTime:0.002034s ]
SQL: SHOW COLUMNS FROM `smi_member` [ RunTime:0.010505s ]
SQL: 
            SELECT SQL_CALC_FOUND_ROWS m.id, m.account, m.username, m.status, ml.member_level, mi.register_time
            FROM smi_member m, smi_member_level ml, smi_member_info mi
            WHERE m.level_id = ml.id AND m.id = mi.member_id
            ORDER BY m.id desc
            LIMIT 0 , 20
         [ RunTime:0.001054s ]

[ 2015-08-12T20:38:37+08:00 ] ::1 /hamanaka3/admin.php/Member/index
INFO: [ app_init ] --START--
INFO: Run Behavior\BuildLiteBehavior [ RunTime:0.000058s ]
INFO: [ app_init ] --END-- [ RunTime:0.001897s ]
INFO: [ app_begin ] --START--
INFO: Run Behavior\ReadHtmlCacheBehavior [ RunTime:0.002588s ]
INFO: Run Behavior\CheckLangBehavior [ RunTime:0.004009s ]
INFO: [ app_begin ] --END-- [ RunTime:0.006769s ]
SQL: SHOW COLUMNS FROM `smi_node` [ RunTime:0.007980s ]
SQL: SELECT * FROM `smi_node` WHERE ( status = 1 ) ORDER BY route,sort desc,id  [ RunTime:0.002119s ]
SQL: SELECT `title_cn` FROM `smi_node` WHERE ( `name` = 'Member' ) LIMIT 1   [ RunTime:0.002685s ]
SQL: SHOW COLUMNS FROM `smi_member` [ RunTime:0.009087s ]
SQL: 
            SELECT SQL_CALC_FOUND_ROWS m.id, m.account, m.username, m.status, ml.member_level, mi.register_time
            FROM smi_member m, smi_member_level ml, smi_member_info mi
            WHERE m.level_id = ml.id AND m.id = mi.member_id
            ORDER BY m.id desc
            LIMIT 0 , 20
         [ RunTime:0.002584s ]

[ 2015-08-12T20:39:03+08:00 ] ::1 /hamanaka3/admin.php/Member/index
INFO: [ app_init ] --START--
INFO: Run Behavior\BuildLiteBehavior [ RunTime:0.000022s ]
INFO: [ app_init ] --END-- [ RunTime:0.001111s ]
INFO: [ app_begin ] --START--
INFO: Run Behavior\ReadHtmlCacheBehavior [ RunTime:0.001476s ]
INFO: Run Behavior\CheckLangBehavior [ RunTime:0.004244s ]
INFO: [ app_begin ] --END-- [ RunTime:0.005929s ]
SQL: SHOW COLUMNS FROM `smi_node` [ RunTime:0.008148s ]
SQL: SELECT * FROM `smi_node` WHERE ( status = 1 ) ORDER BY route,sort desc,id  [ RunTime:0.002009s ]
SQL: SELECT `title_cn` FROM `smi_node` WHERE ( `name` = 'Member' ) LIMIT 1   [ RunTime:0.000526s ]
SQL: SHOW COLUMNS FROM `smi_member` [ RunTime:0.008774s ]
SQL: 
            SELECT SQL_CALC_FOUND_ROWS m.id, m.account, m.username, m.status, ml.member_level, mi.register_time
            FROM smi_member m, smi_member_level ml, smi_member_info mi
            WHERE m.level_id = ml.id AND m.id = mi.member_id
            ORDER BY m.id desc
            LIMIT 0 , 20
         [ RunTime:0.000704s ]

[ 2015-08-12T20:42:02+08:00 ] ::1 /hamanaka3/admin.php/Member/index
INFO: [ app_init ] --START--
INFO: Run Behavior\BuildLiteBehavior [ RunTime:0.000022s ]
INFO: [ app_init ] --END-- [ RunTime:0.001264s ]
INFO: [ app_begin ] --START--
INFO: Run Behavior\ReadHtmlCacheBehavior [ RunTime:0.003244s ]
INFO: Run Behavior\CheckLangBehavior [ RunTime:0.002698s ]
INFO: [ app_begin ] --END-- [ RunTime:0.006126s ]
SQL: SHOW COLUMNS FROM `smi_node` [ RunTime:0.011355s ]
SQL: SELECT * FROM `smi_node` WHERE ( status = 1 ) ORDER BY route,sort desc,id  [ RunTime:0.002136s ]
SQL: SELECT `title_cn` FROM `smi_node` WHERE ( `name` = 'Member' ) LIMIT 1   [ RunTime:0.000424s ]
SQL: SHOW COLUMNS FROM `smi_member` [ RunTime:0.010426s ]
SQL: 
            SELECT SQL_CALC_FOUND_ROWS m.id, m.account, m.username, m.status, ml.member_level, mi.register_time
            FROM smi_member m, smi_member_level ml, smi_member_info mi
            WHERE m.level_id = ml.id AND m.id = mi.member_id
            ORDER BY m.id desc
            LIMIT 0 , 20
         [ RunTime:0.000685s ]
SQL: SELECT FOUND_ROWS() as count [ RunTime:0.000181s ]
SQL: SHOW COLUMNS FROM `smi_member_level` [ RunTime:0.005470s ]
SQL: SELECT * FROM `smi_member_level` ORDER BY id  [ RunTime:0.000267s ]
INFO: [ view_parse ] --START--
INFO: [ template_filter ] --START--
INFO: Run Behavior\ContentReplaceBehavior [ RunTime:0.000121s ]
INFO: [ template_filter ] --END-- [ RunTime:0.000196s ]
INFO: Run Behavior\ParseTemplateBehavior [ RunTime:0.023251s ]
INFO: [ view_parse ] --END-- [ RunTime:0.023315s ]
INFO: [ view_filter ] --START--
INFO: Run Behavior\WriteHtmlCacheBehavior [ RunTime:0.000712s ]
INFO: [ view_filter ] --END-- [ RunTime:0.000754s ]
INFO: [ app_end ] --START--
INFO: Run Behavior\ShowPageTraceBehavior [ RunTime:0.001165s ]
INFO: [ app_end ] --END-- [ RunTime:0.001233s ]

[ 2015-08-12T20:42:12+08:00 ] ::1 /hamanaka3/admin.php/Member/index
INFO: [ app_init ] --START--
INFO: Run Behavior\BuildLiteBehavior [ RunTime:0.000013s ]
INFO: [ app_init ] --END-- [ RunTime:0.000525s ]
INFO: [ app_begin ] --START--
INFO: Run Behavior\ReadHtmlCacheBehavior [ RunTime:0.000845s ]
INFO: Run Behavior\CheckLangBehavior [ RunTime:0.001633s ]
INFO: [ app_begin ] --END-- [ RunTime:0.002570s ]
SQL: SHOW COLUMNS FROM `smi_node` [ RunTime:0.008371s ]
SQL: SELECT * FROM `smi_node` WHERE ( status = 1 ) ORDER BY route,sort desc,id  [ RunTime:0.002264s ]
SQL: SELECT `title_cn` FROM `smi_node` WHERE ( `name` = 'Member' ) LIMIT 1   [ RunTime:0.002056s ]
SQL: SHOW COLUMNS FROM `smi_member` [ RunTime:0.009267s ]
SQL: 
            SELECT SQL_CALC_FOUND_ROWS m.id, m.account, m.username, m.status, ml.member_level, mi.register_time
            FROM smi_member m, smi_member_level ml, smi_member_info mi
            WHERE m.level_id = ml.id AND m.id = mi.member_id
            ORDER BY m.id desc
            LIMIT 0 , 20
         [ RunTime:0.000831s ]
SQL: SELECT FOUND_ROWS() as count [ RunTime:0.000209s ]
SQL: SHOW COLUMNS FROM `smi_member_level` [ RunTime:0.007481s ]
SQL: SELECT * FROM `smi_member_level` ORDER BY id  [ RunTime:0.000379s ]
INFO: [ view_parse ] --START--
INFO: [ template_filter ] --START--
INFO: Run Behavior\ContentReplaceBehavior [ RunTime:0.000171s ]
INFO: [ template_filter ] --END-- [ RunTime:0.000258s ]
INFO: Run Behavior\ParseTemplateBehavior [ RunTime:0.039119s ]
INFO: [ view_parse ] --END-- [ RunTime:0.039212s ]
INFO: [ view_filter ] --START--
INFO: Run Behavior\WriteHtmlCacheBehavior [ RunTime:0.001061s ]
INFO: [ view_filter ] --END-- [ RunTime:0.001133s ]
INFO: [ app_end ] --START--
INFO: Run Behavior\ShowPageTraceBehavior [ RunTime:0.002228s ]
INFO: [ app_end ] --END-- [ RunTime:0.002323s ]

[ 2015-08-12T20:42:16+08:00 ] ::1 /hamanaka3/admin.php/Member/add
INFO: [ app_init ] --START--
INFO: Run Behavior\BuildLiteBehavior [ RunTime:0.000043s ]
INFO: [ app_init ] --END-- [ RunTime:0.000806s ]
INFO: [ app_begin ] --START--
INFO: Run Behavior\ReadHtmlCacheBehavior [ RunTime:0.001002s ]
INFO: Run Behavior\CheckLangBehavior [ RunTime:0.004484s ]
INFO: [ app_begin ] --END-- [ RunTime:0.005717s ]
SQL: SHOW COLUMNS FROM `smi_node` [ RunTime:0.009444s ]
SQL: SELECT * FROM `smi_node` WHERE ( status = 1 ) ORDER BY route,sort desc,id  [ RunTime:0.002143s ]
SQL: SELECT `title_cn` FROM `smi_node` WHERE ( `name` = 'Member' ) LIMIT 1   [ RunTime:0.000463s ]
SQL: SHOW COLUMNS FROM `smi_member_level` [ RunTime:0.007679s ]
SQL: SELECT * FROM `smi_member_level` ORDER BY id  [ RunTime:0.000368s ]
INFO: [ view_parse ] --START--
INFO: [ template_filter ] --START--
INFO: Run Behavior\ContentReplaceBehavior [ RunTime:0.000157s ]
INFO: [ template_filter ] --END-- [ RunTime:0.000249s ]
INFO: Run Behavior\ParseTemplateBehavior [ RunTime:0.031351s ]
INFO: [ view_parse ] --END-- [ RunTime:0.031454s ]
INFO: [ view_filter ] --START--
INFO: Run Behavior\WriteHtmlCacheBehavior [ RunTime:0.002034s ]
INFO: [ view_filter ] --END-- [ RunTime:0.002352s ]
INFO: [ app_end ] --START--
INFO: Run Behavior\ShowPageTraceBehavior [ RunTime:0.001966s ]
INFO: [ app_end ] --END-- [ RunTime:0.003232s ]

[ 2015-08-12T20:42:31+08:00 ] ::1 /hamanaka3/admin.php/Member/add
INFO: [ app_init ] --START--
INFO: Run Behavior\BuildLiteBehavior [ RunTime:0.000013s ]
INFO: [ app_init ] --END-- [ RunTime:0.000622s ]
INFO: [ app_begin ] --START--
INFO: Run Behavior\ReadHtmlCacheBehavior [ RunTime:0.001084s ]
INFO: Run Behavior\CheckLangBehavior [ RunTime:0.003309s ]
INFO: [ app_begin ] --END-- [ RunTime:0.004486s ]
SQL: SHOW COLUMNS FROM `smi_node` [ RunTime:0.007894s ]
SQL: SELECT * FROM `smi_node` WHERE ( status = 1 ) ORDER BY route,sort desc,id  [ RunTime:0.002514s ]
SQL: SELECT `title_cn` FROM `smi_node` WHERE ( `name` = 'Member' ) LIMIT 1   [ RunTime:0.000421s ]
SQL: SHOW COLUMNS FROM `smi_member_level` [ RunTime:0.007288s ]
SQL: SELECT * FROM `smi_member_level` ORDER BY id  [ RunTime:0.000345s ]
INFO: [ view_parse ] --START--
INFO: [ template_filter ] --START--
INFO: Run Behavior\ContentReplaceBehavior [ RunTime:0.000133s ]
INFO: [ template_filter ] --END-- [ RunTime:0.000252s ]
INFO: Run Behavior\ParseTemplateBehavior [ RunTime:0.032170s ]
INFO: [ view_parse ] --END-- [ RunTime:0.032267s ]
INFO: [ view_filter ] --START--
INFO: Run Behavior\WriteHtmlCacheBehavior [ RunTime:0.001355s ]
INFO: [ view_filter ] --END-- [ RunTime:0.001426s ]
INFO: [ app_end ] --START--
INFO: Run Behavior\ShowPageTraceBehavior [ RunTime:0.001743s ]
INFO: [ app_end ] --END-- [ RunTime:0.001942s ]

[ 2015-08-12T20:42:54+08:00 ] ::1 /hamanaka3/admin.php/Member/insert
INFO: [ app_init ] --START--
INFO: Run Behavior\BuildLiteBehavior [ RunTime:0.000063s ]
INFO: [ app_init ] --END-- [ RunTime:0.001702s ]
INFO: [ app_begin ] --START--
INFO: Run Behavior\ReadHtmlCacheBehavior [ RunTime:0.001179s ]
INFO: Run Behavior\CheckLangBehavior [ RunTime:0.001883s ]
INFO: [ app_begin ] --END-- [ RunTime:0.003189s ]
SQL: SHOW COLUMNS FROM `smi_node` [ RunTime:0.024082s ]
SQL: SELECT * FROM `smi_node` WHERE ( status = 1 ) ORDER BY route,sort desc,id  [ RunTime:0.005278s ]
SQL: SELECT `title_cn` FROM `smi_node` WHERE ( `name` = 'Member' ) LIMIT 1   [ RunTime:0.001857s ]
SQL: SHOW COLUMNS FROM `smi_member` [ RunTime:0.024081s ]
SQL: SELECT * FROM `smi_member` WHERE ( `account` = '12349865@qq.com' ) LIMIT 1   [ RunTime:0.000926s ]
SQL: INSERT INTO `smi_member` (`status`,`level_id`,`account`,`pwd`,`username`) VALUES (1,1,'12349865@qq.com','$1$TB2.g43.$2HacJFME7a2uL6Rzh0mOI1','sadfghjkll') [ RunTime:0.002154s ]
SQL: SHOW COLUMNS FROM `smi_member_info` [ RunTime:0.021582s ]
SQL: INSERT INTO `smi_member_info` (`remark`,`member_id`,`register_time`,`register_ip`,`active_time`) VALUES ('dsfghkj',3,1439383373,'0.0.0.0',1439383373) [ RunTime:0.004332s ]

[ 2015-08-12T20:42:55+08:00 ] ::1 /hamanaka3/admin.php/Member/index
INFO: [ app_init ] --START--
INFO: Run Behavior\BuildLiteBehavior [ RunTime:0.000026s ]
INFO: [ app_init ] --END-- [ RunTime:0.001007s ]
INFO: [ app_begin ] --START--
INFO: Run Behavior\ReadHtmlCacheBehavior [ RunTime:0.001023s ]
INFO: Run Behavior\CheckLangBehavior [ RunTime:0.001697s ]
INFO: [ app_begin ] --END-- [ RunTime:0.002802s ]
SQL: SHOW COLUMNS FROM `smi_node` [ RunTime:0.024698s ]
SQL: SELECT * FROM `smi_node` WHERE ( status = 1 ) ORDER BY route,sort desc,id  [ RunTime:0.004024s ]
SQL: SELECT `title_cn` FROM `smi_node` WHERE ( `name` = 'Member' ) LIMIT 1   [ RunTime:0.000681s ]
SQL: SHOW COLUMNS FROM `smi_member` [ RunTime:0.016387s ]
SQL: 
            SELECT SQL_CALC_FOUND_ROWS m.id, m.account, m.username, m.status, ml.member_level, mi.register_time
            FROM smi_member m, smi_member_level ml, smi_member_info mi
            WHERE m.level_id = ml.id AND m.id = mi.member_id
            ORDER BY m.id desc
            LIMIT 0 , 20
         [ RunTime:0.000667s ]
SQL: SELECT FOUND_ROWS() as count [ RunTime:0.000200s ]
SQL: SHOW COLUMNS FROM `smi_member_level` [ RunTime:0.007906s ]
SQL: SELECT * FROM `smi_member_level` ORDER BY id  [ RunTime:0.000293s ]
INFO: [ view_parse ] --START--
INFO: [ template_filter ] --START--
INFO: Run Behavior\ContentReplaceBehavior [ RunTime:0.000106s ]
INFO: [ template_filter ] --END-- [ RunTime:0.000163s ]
INFO: Run Behavior\ParseTemplateBehavior [ RunTime:0.022040s ]
INFO: [ view_parse ] --END-- [ RunTime:0.022106s ]
INFO: [ view_filter ] --START--
INFO: Run Behavior\WriteHtmlCacheBehavior [ RunTime:0.000902s ]
INFO: [ view_filter ] --END-- [ RunTime:0.000944s ]
INFO: [ app_end ] --START--
INFO: Run Behavior\ShowPageTraceBehavior [ RunTime:0.001324s ]
INFO: [ app_end ] --END-- [ RunTime:0.001414s ]

[ 2015-08-12T20:42:58+08:00 ] ::1 /hamanaka3/admin.php/Member/edit/id/3
INFO: [ app_init ] --START--
INFO: Run Behavior\BuildLiteBehavior [ RunTime:0.000033s ]
INFO: [ app_init ] --END-- [ RunTime:0.001040s ]
INFO: [ app_begin ] --START--
INFO: Run Behavior\ReadHtmlCacheBehavior [ RunTime:0.001208s ]
INFO: Run Behavior\CheckLangBehavior [ RunTime:0.002762s ]
INFO: [ app_begin ] --END-- [ RunTime:0.004143s ]
SQL: SHOW COLUMNS FROM `smi_node` [ RunTime:0.022107s ]
SQL: SELECT * FROM `smi_node` WHERE ( status = 1 ) ORDER BY route,sort desc,id  [ RunTime:0.003563s ]
SQL: SELECT `title_cn` FROM `smi_node` WHERE ( `name` = 'Member' ) LIMIT 1   [ RunTime:0.000578s ]
SQL: SHOW COLUMNS FROM `smi_member` [ RunTime:0.013189s ]
SQL: SELECT * FROM `smi_member` WHERE ( `id` = 3 ) LIMIT 1   [ RunTime:0.000985s ]
SQL: SHOW COLUMNS FROM `smi_member_info` [ RunTime:0.013524s ]
SQL: SELECT * FROM `smi_member_info` WHERE ( `member_id` = 3 ) LIMIT 1   [ RunTime:0.000471s ]
SQL: SHOW COLUMNS FROM `smi_member_address` [ RunTime:0.009635s ]
SQL: SELECT * FROM `smi_member_address` WHERE ( `member_id` = 3 ) ORDER BY is_default desc,id  [ RunTime:0.000341s ]
SQL: 
        		SELECT * 
				FROM smi_member_goods AS mg, 
					 smi_product AS p, 
					 smi_member_address AS ma, 
					 smi_goods AS g, 
					 smi_category AS c
				WHERE mg.product_id = p.product_id
				AND p.goods_id = g.id
				AND mg.member_id = ma.member_id
				AND mg.address_id = ma.id
				AND g.category_id = c.id
				AND mg.is_cart =0
				AND mg.member_id =
         	 	3 [ RunTime:0.000488s ]
SQL: 
        		SELECT * 
				FROM smi_member_goods AS mg, 
					 smi_product AS p,  
					 smi_goods AS g, 
					 smi_category AS c,
					 smi_user AS u
				WHERE mg.product_id = p.product_id
				AND p.goods_id = g.id 
				AND g.category_id = c.id
				AND mg.member_id = u.id
				AND mg.is_cart = 1
				AND mg.member_id =
         	 	3 [ RunTime:0.000446s ]
SQL: SHOW COLUMNS FROM `smi_member_level` [ RunTime:0.004634s ]
SQL: SELECT * FROM `smi_member_level` ORDER BY id  [ RunTime:0.000233s ]
SQL: SHOW COLUMNS FROM `smi_region` [ RunTime:0.007672s ]
SQL: SELECT `id`,`region_name` FROM `smi_region`  [ RunTime:0.007716s ]
INFO: [ view_parse ] --START--
INFO: [ template_filter ] --START--
INFO: Run Behavior\ContentReplaceBehavior [ RunTime:0.000315s ]
INFO: [ template_filter ] --END-- [ RunTime:0.000546s ]
INFO: Run Behavior\ParseTemplateBehavior [ RunTime:0.024828s ]
INFO: [ view_parse ] --END-- [ RunTime:0.024892s ]
INFO: [ view_filter ] --START--
INFO: Run Behavior\WriteHtmlCacheBehavior [ RunTime:0.000968s ]
INFO: [ view_filter ] --END-- [ RunTime:0.001009s ]
INFO: [ app_end ] --START--
INFO: Run Behavior\ShowPageTraceBehavior [ RunTime:0.001353s ]
INFO: [ app_end ] --END-- [ RunTime:0.001426s ]

[ 2015-08-12T20:43:28+08:00 ] ::1 /hamanaka3/admin.php/Member/add
INFO: [ app_init ] --START--
INFO: Run Behavior\BuildLiteBehavior [ RunTime:0.000060s ]
INFO: [ app_init ] --END-- [ RunTime:0.001425s ]
INFO: [ app_begin ] --START--
INFO: Run Behavior\ReadHtmlCacheBehavior [ RunTime:0.001288s ]
INFO: Run Behavior\CheckLangBehavior [ RunTime:0.001831s ]
INFO: [ app_begin ] --END-- [ RunTime:0.003237s ]
SQL: SHOW COLUMNS FROM `smi_node` [ RunTime:0.025511s ]
SQL: SELECT * FROM `smi_node` WHERE ( status = 1 ) ORDER BY route,sort desc,id  [ RunTime:0.002791s ]
SQL: SELECT `title_cn` FROM `smi_node` WHERE ( `name` = 'Member' ) LIMIT 1   [ RunTime:0.000569s ]
SQL: SHOW COLUMNS FROM `smi_member_level` [ RunTime:0.010001s ]
SQL: SELECT * FROM `smi_member_level` ORDER BY id  [ RunTime:0.000489s ]
INFO: [ view_parse ] --START--
INFO: [ template_filter ] --START--
INFO: Run Behavior\ContentReplaceBehavior [ RunTime:0.000098s ]
INFO: [ template_filter ] --END-- [ RunTime:0.000153s ]
INFO: Run Behavior\ParseTemplateBehavior [ RunTime:0.024825s ]
INFO: [ view_parse ] --END-- [ RunTime:0.024989s ]
INFO: [ view_filter ] --START--
INFO: Run Behavior\WriteHtmlCacheBehavior [ RunTime:0.001351s ]
INFO: [ view_filter ] --END-- [ RunTime:0.001401s ]
INFO: [ app_end ] --START--
INFO: Run Behavior\ShowPageTraceBehavior [ RunTime:0.001450s ]
INFO: [ app_end ] --END-- [ RunTime:0.001529s ]

[ 2015-08-12T20:46:14+08:00 ] ::1 /hamanaka3/admin.php/Member/insert
INFO: [ app_init ] --START--
INFO: Run Behavior\BuildLiteBehavior [ RunTime:0.000036s ]
INFO: [ app_init ] --END-- [ RunTime:0.001150s ]
INFO: [ app_begin ] --START--
INFO: Run Behavior\ReadHtmlCacheBehavior [ RunTime:0.001819s ]
INFO: Run Behavior\CheckLangBehavior [ RunTime:0.006075s ]
INFO: [ app_begin ] --END-- [ RunTime:0.008170s ]
SQL: SHOW COLUMNS FROM `smi_node` [ RunTime:0.009404s ]
SQL: SELECT * FROM `smi_node` WHERE ( status = 1 ) ORDER BY route,sort desc,id  [ RunTime:0.002135s ]
SQL: SELECT `title_cn` FROM `smi_node` WHERE ( `name` = 'Member' ) LIMIT 1   [ RunTime:0.000446s ]
INFO: [ view_parse ] --START--
INFO: [ template_filter ] --START--
INFO: Run Behavior\ContentReplaceBehavior [ RunTime:0.000072s ]
INFO: [ template_filter ] --END-- [ RunTime:0.000205s ]
INFO: Run Behavior\ParseTemplateBehavior [ RunTime:0.016913s ]
INFO: [ view_parse ] --END-- [ RunTime:0.017089s ]
INFO: [ view_filter ] --START--
INFO: Run Behavior\WriteHtmlCacheBehavior [ RunTime:0.003086s ]
INFO: [ view_filter ] --END-- [ RunTime:0.003174s ]

[ 2015-08-12T20:47:31+08:00 ] ::1 /hamanaka3/admin.php/Member/index
INFO: [ app_init ] --START--
INFO: Run Behavior\BuildLiteBehavior [ RunTime:0.000025s ]
INFO: [ app_init ] --END-- [ RunTime:0.000825s ]
INFO: [ app_begin ] --START--
INFO: Run Behavior\ReadHtmlCacheBehavior [ RunTime:0.000957s ]
INFO: Run Behavior\CheckLangBehavior [ RunTime:0.002223s ]
INFO: [ app_begin ] --END-- [ RunTime:0.003298s ]
SQL: SHOW COLUMNS FROM `smi_node` [ RunTime:0.012903s ]
SQL: SELECT * FROM `smi_node` WHERE ( status = 1 ) ORDER BY route,sort desc,id  [ RunTime:0.003733s ]
SQL: SELECT `title_cn` FROM `smi_node` WHERE ( `name` = 'Member' ) LIMIT 1   [ RunTime:0.004256s ]
SQL: SHOW COLUMNS FROM `smi_member` [ RunTime:0.013299s ]
SQL: 
            SELECT SQL_CALC_FOUND_ROWS m.id, m.account, m.username, m.status, ml.member_level, mi.register_time
            FROM smi_member m, smi_member_level ml, smi_member_info mi
            WHERE m.level_id = ml.id AND m.id = mi.member_id
            ORDER BY m.id desc
            LIMIT 0 , 20
         [ RunTime:0.001683s ]
SQL: SELECT FOUND_ROWS() as count [ RunTime:0.000445s ]
SQL: SHOW COLUMNS FROM `smi_member_level` [ RunTime:0.015501s ]
SQL: SELECT * FROM `smi_member_level` ORDER BY id  [ RunTime:0.002926s ]
INFO: [ view_parse ] --START--
INFO: [ template_filter ] --START--
INFO: Run Behavior\ContentReplaceBehavior [ RunTime:0.000149s ]
INFO: [ template_filter ] --END-- [ RunTime:0.000275s ]
INFO: Run Behavior\ParseTemplateBehavior [ RunTime:0.042823s ]
INFO: [ view_parse ] --END-- [ RunTime:0.042971s ]
INFO: [ view_filter ] --START--
INFO: Run Behavior\WriteHtmlCacheBehavior [ RunTime:0.001617s ]
INFO: [ view_filter ] --END-- [ RunTime:0.001692s ]
INFO: [ app_end ] --START--
INFO: Run Behavior\ShowPageTraceBehavior [ RunTime:0.007481s ]
INFO: [ app_end ] --END-- [ RunTime:0.007730s ]

[ 2015-08-12T20:50:29+08:00 ] ::1 /hamanaka3/admin.php/Member/add
INFO: [ app_init ] --START--
INFO: Run Behavior\BuildLiteBehavior [ RunTime:0.000020s ]
INFO: [ app_init ] --END-- [ RunTime:0.000741s ]
INFO: [ app_begin ] --START--
INFO: Run Behavior\ReadHtmlCacheBehavior [ RunTime:0.001408s ]
INFO: Run Behavior\CheckLangBehavior [ RunTime:0.003561s ]
INFO: [ app_begin ] --END-- [ RunTime:0.005130s ]
SQL: SHOW COLUMNS FROM `smi_node` [ RunTime:0.008472s ]
SQL: SELECT * FROM `smi_node` WHERE ( status = 1 ) ORDER BY route,sort desc,id  [ RunTime:0.002565s ]
SQL: SELECT `title_cn` FROM `smi_node` WHERE ( `name` = 'Member' ) LIMIT 1   [ RunTime:0.000662s ]
SQL: SHOW COLUMNS FROM `smi_member_level` [ RunTime:0.011926s ]
SQL: SELECT * FROM `smi_member_level` ORDER BY id  [ RunTime:0.000562s ]
INFO: [ view_parse ] --START--
INFO: [ template_filter ] --START--
INFO: Run Behavior\ContentReplaceBehavior [ RunTime:0.000273s ]
INFO: [ template_filter ] --END-- [ RunTime:0.000558s ]
INFO: Run Behavior\ParseTemplateBehavior [ RunTime:0.033431s ]
INFO: [ view_parse ] --END-- [ RunTime:0.034115s ]
INFO: [ view_filter ] --START--
INFO: Run Behavior\WriteHtmlCacheBehavior [ RunTime:0.001600s ]
INFO: [ view_filter ] --END-- [ RunTime:0.001698s ]
INFO: [ app_end ] --START--
INFO: Run Behavior\ShowPageTraceBehavior [ RunTime:0.001454s ]
INFO: [ app_end ] --END-- [ RunTime:0.001564s ]

[ 2015-08-12T20:50:54+08:00 ] ::1 /hamanaka3/admin.php/Member/insert
INFO: [ app_init ] --START--
INFO: Run Behavior\BuildLiteBehavior [ RunTime:0.000014s ]
INFO: [ app_init ] --END-- [ RunTime:0.000492s ]
INFO: [ app_begin ] --START--
INFO: Run Behavior\ReadHtmlCacheBehavior [ RunTime:0.003007s ]
INFO: Run Behavior\CheckLangBehavior [ RunTime:0.002085s ]
INFO: [ app_begin ] --END-- [ RunTime:0.005341s ]
SQL: SHOW COLUMNS FROM `smi_node` [ RunTime:0.010088s ]
SQL: SELECT * FROM `smi_node` WHERE ( status = 1 ) ORDER BY route,sort desc,id  [ RunTime:0.003866s ]
SQL: SELECT `title_cn` FROM `smi_node` WHERE ( `name` = 'Member' ) LIMIT 1   [ RunTime:0.003105s ]
INFO: [ view_parse ] --START--
INFO: [ template_filter ] --START--
INFO: Run Behavior\ContentReplaceBehavior [ RunTime:0.000089s ]
INFO: [ template_filter ] --END-- [ RunTime:0.000232s ]
INFO: Run Behavior\ParseTemplateBehavior [ RunTime:0.015709s ]
INFO: [ view_parse ] --END-- [ RunTime:0.015923s ]
INFO: [ view_filter ] --START--
INFO: Run Behavior\WriteHtmlCacheBehavior [ RunTime:0.001808s ]
INFO: [ view_filter ] --END-- [ RunTime:0.001955s ]

[ 2015-08-12T20:51:14+08:00 ] ::1 /hamanaka3/admin.php/Member/insert
INFO: [ app_init ] --START--
INFO: Run Behavior\BuildLiteBehavior [ RunTime:0.000014s ]
INFO: [ app_init ] --END-- [ RunTime:0.000544s ]
INFO: [ app_begin ] --START--
INFO: Run Behavior\ReadHtmlCacheBehavior [ RunTime:0.000830s ]
INFO: Run Behavior\CheckLangBehavior [ RunTime:0.003465s ]
INFO: [ app_begin ] --END-- [ RunTime:0.004406s ]
SQL: SHOW COLUMNS FROM `smi_node` [ RunTime:0.005338s ]
SQL: SELECT * FROM `smi_node` WHERE ( status = 1 ) ORDER BY route,sort desc,id  [ RunTime:0.001337s ]
SQL: SELECT `title_cn` FROM `smi_node` WHERE ( `name` = 'Member' ) LIMIT 1   [ RunTime:0.000237s ]
SQL: SHOW COLUMNS FROM `smi_member` [ RunTime:0.007916s ]
SQL: SELECT * FROM `smi_member` WHERE ( `account` = '978704743@qq.com' ) LIMIT 1   [ RunTime:0.000522s ]
SQL: INSERT INTO `smi_member` (`status`,`level_id`,`account`,`pwd`,`username`) VALUES (1,1,'978704743@qq.com','$1$Rd3.Gz5.$m4Y0AeoK4oRq4xTvjY6jG.','123456789') [ RunTime:0.001350s ]
SQL: SHOW COLUMNS FROM `smi_member_info` [ RunTime:0.005330s ]
SQL: INSERT INTO `smi_member_info` (`remark`,`member_id`,`register_time`,`register_ip`,`active_time`) VALUES ('asdfghjkl;\'',4,1439383873,'0.0.0.0',1439383873) [ RunTime:0.001730s ]

[ 2015-08-12T20:51:16+08:00 ] ::1 /hamanaka3/admin.php/Member/index
INFO: [ app_init ] --START--
INFO: Run Behavior\BuildLiteBehavior [ RunTime:0.000023s ]
INFO: [ app_init ] --END-- [ RunTime:0.000773s ]
INFO: [ app_begin ] --START--
INFO: Run Behavior\ReadHtmlCacheBehavior [ RunTime:0.001218s ]
INFO: Run Behavior\CheckLangBehavior [ RunTime:0.002486s ]
INFO: [ app_begin ] --END-- [ RunTime:0.003858s ]
SQL: SHOW COLUMNS FROM `smi_node` [ RunTime:0.010480s ]
SQL: SELECT * FROM `smi_node` WHERE ( status = 1 ) ORDER BY route,sort desc,id  [ RunTime:0.002611s ]
SQL: SELECT `title_cn` FROM `smi_node` WHERE ( `name` = 'Member' ) LIMIT 1   [ RunTime:0.002919s ]
SQL: SHOW COLUMNS FROM `smi_member` [ RunTime:0.011940s ]
SQL: 
            SELECT SQL_CALC_FOUND_ROWS m.id, m.account, m.username, m.status, ml.member_level, mi.register_time
            FROM smi_member m, smi_member_level ml, smi_member_info mi
            WHERE m.level_id = ml.id AND m.id = mi.member_id
            ORDER BY m.id desc
            LIMIT 0 , 20
         [ RunTime:0.000843s ]
SQL: SELECT FOUND_ROWS() as count [ RunTime:0.000255s ]
SQL: SHOW COLUMNS FROM `smi_member_level` [ RunTime:0.009169s ]
SQL: SELECT * FROM `smi_member_level` ORDER BY id  [ RunTime:0.000526s ]
INFO: [ view_parse ] --START--
INFO: [ template_filter ] --START--
INFO: Run Behavior\ContentReplaceBehavior [ RunTime:0.000202s ]
INFO: [ template_filter ] --END-- [ RunTime:0.000340s ]
INFO: Run Behavior\ParseTemplateBehavior [ RunTime:0.034640s ]
INFO: [ view_parse ] --END-- [ RunTime:0.034748s ]
INFO: [ view_filter ] --START--
INFO: Run Behavior\WriteHtmlCacheBehavior [ RunTime:0.001223s ]
INFO: [ view_filter ] --END-- [ RunTime:0.001310s ]
INFO: [ app_end ] --START--
INFO: Run Behavior\ShowPageTraceBehavior [ RunTime:0.005564s ]
INFO: [ app_end ] --END-- [ RunTime:0.005758s ]

[ 2015-08-12T20:51:19+08:00 ] ::1 /hamanaka3/admin.php/Member/edit/id/4
INFO: [ app_init ] --START--
INFO: Run Behavior\BuildLiteBehavior [ RunTime:0.000019s ]
INFO: [ app_init ] --END-- [ RunTime:0.000659s ]
INFO: [ app_begin ] --START--
INFO: Run Behavior\ReadHtmlCacheBehavior [ RunTime:0.000873s ]
INFO: Run Behavior\CheckLangBehavior [ RunTime:0.003579s ]
INFO: [ app_begin ] --END-- [ RunTime:0.004560s ]
SQL: SHOW COLUMNS FROM `smi_node` [ RunTime:0.013834s ]
SQL: SELECT * FROM `smi_node` WHERE ( status = 1 ) ORDER BY route,sort desc,id  [ RunTime:0.001809s ]
SQL: SELECT `title_cn` FROM `smi_node` WHERE ( `name` = 'Member' ) LIMIT 1   [ RunTime:0.000398s ]
SQL: SHOW COLUMNS FROM `smi_member` [ RunTime:0.008075s ]
SQL: SELECT * FROM `smi_member` WHERE ( `id` = 4 ) LIMIT 1   [ RunTime:0.000334s ]
SQL: SHOW COLUMNS FROM `smi_member_info` [ RunTime:0.008472s ]
SQL: SELECT * FROM `smi_member_info` WHERE ( `member_id` = 4 ) LIMIT 1   [ RunTime:0.000378s ]
SQL: SHOW COLUMNS FROM `smi_member_address` [ RunTime:0.004997s ]
SQL: SELECT * FROM `smi_member_address` WHERE ( `member_id` = 4 ) ORDER BY is_default desc,id  [ RunTime:0.000330s ]
SQL: 
        		SELECT * 
				FROM smi_member_goods AS mg, 
					 smi_product AS p, 
					 smi_member_address AS ma, 
					 smi_goods AS g, 
					 smi_category AS c
				WHERE mg.product_id = p.product_id
				AND p.goods_id = g.id
				AND mg.member_id = ma.member_id
				AND mg.address_id = ma.id
				AND g.category_id = c.id
				AND mg.is_cart =0
				AND mg.member_id =
         	 	4 [ RunTime:0.000480s ]
SQL: 
        		SELECT * 
				FROM smi_member_goods AS mg, 
					 smi_product AS p,  
					 smi_goods AS g, 
					 smi_category AS c,
					 smi_user AS u
				WHERE mg.product_id = p.product_id
				AND p.goods_id = g.id 
				AND g.category_id = c.id
				AND mg.member_id = u.id
				AND mg.is_cart = 1
				AND mg.member_id =
         	 	4 [ RunTime:0.000459s ]
SQL: SHOW COLUMNS FROM `smi_member_level` [ RunTime:0.005824s ]
SQL: SELECT * FROM `smi_member_level` ORDER BY id  [ RunTime:0.000244s ]
SQL: SHOW COLUMNS FROM `smi_region` [ RunTime:0.004891s ]
SQL: SELECT `id`,`region_name` FROM `smi_region`  [ RunTime:0.007199s ]
INFO: [ view_parse ] --START--
INFO: [ template_filter ] --START--
INFO: Run Behavior\ContentReplaceBehavior [ RunTime:0.000175s ]
INFO: [ template_filter ] --END-- [ RunTime:0.000254s ]
INFO: Run Behavior\ParseTemplateBehavior [ RunTime:0.022658s ]
INFO: [ view_parse ] --END-- [ RunTime:0.022735s ]
INFO: [ view_filter ] --START--
INFO: Run Behavior\WriteHtmlCacheBehavior [ RunTime:0.000774s ]
INFO: [ view_filter ] --END-- [ RunTime:0.000815s ]
INFO: [ app_end ] --START--
INFO: Run Behavior\ShowPageTraceBehavior [ RunTime:0.001023s ]
INFO: [ app_end ] --END-- [ RunTime:0.001095s ]

[ 2015-08-12T20:51:25+08:00 ] ::1 /hamanaka3/admin.php/MemberAddress/add/mid/4
INFO: [ app_init ] --START--
INFO: Run Behavior\BuildLiteBehavior [ RunTime:0.000032s ]
INFO: [ app_init ] --END-- [ RunTime:0.000923s ]
INFO: [ app_begin ] --START--
INFO: Run Behavior\ReadHtmlCacheBehavior [ RunTime:0.001500s ]
INFO: Run Behavior\CheckLangBehavior [ RunTime:0.002630s ]
INFO: [ app_begin ] --END-- [ RunTime:0.004403s ]
SQL: SHOW COLUMNS FROM `smi_node` [ RunTime:0.013639s ]
SQL: SELECT * FROM `smi_node` WHERE ( status = 1 ) ORDER BY route,sort desc,id  [ RunTime:0.002556s ]
SQL: SELECT `title_cn` FROM `smi_node` WHERE ( `name` = 'MemberAddress' ) LIMIT 1   [ RunTime:0.000630s ]
SQL: SHOW COLUMNS FROM `smi_region` [ RunTime:0.012023s ]
SQL: SELECT * FROM `smi_region` WHERE ( `pid` = 0 ) ORDER BY sort desc,id  [ RunTime:0.001975s ]
INFO: [ view_parse ] --START--
INFO: [ template_filter ] --START--
INFO: Run Behavior\ContentReplaceBehavior [ RunTime:0.000220s ]
INFO: [ template_filter ] --END-- [ RunTime:0.000537s ]
INFO: Run Behavior\ParseTemplateBehavior [ RunTime:0.023342s ]
INFO: [ view_parse ] --END-- [ RunTime:0.023469s ]
INFO: [ view_filter ] --START--
INFO: Run Behavior\WriteHtmlCacheBehavior [ RunTime:0.001296s ]
INFO: [ view_filter ] --END-- [ RunTime:0.001389s ]
INFO: [ app_end ] --START--
INFO: Run Behavior\ShowPageTraceBehavior [ RunTime:0.001652s ]
INFO: [ app_end ] --END-- [ RunTime:0.001742s ]

